

Started GET "/" for 196.103.132.6 at 2017-12-20 18:10:42 +0000
Cannot render console from 196.103.132.6! Allowed networks: 127.0.0.1, ::1, 127.0.0.0/127.255.255.255

Mysql2::Error (Access denied for user 'root'@'localhost' (using password: YES)):
  mysql2 (0.3.21) lib/mysql2/client.rb:70:in `connect'
  mysql2 (0.3.21) lib/mysql2/client.rb:70:in `initialize'
  activerecord (4.2.9) lib/active_record/connection_adapters/mysql2_adapter.rb:18:in `new'
  activerecord (4.2.9) lib/active_record/connection_adapters/mysql2_adapter.rb:18:in `mysql2_connection'
  activerecord (4.2.9) lib/active_record/connection_adapters/abstract/connection_pool.rb:438:in `new_connection'
  activerecord (4.2.9) lib/active_record/connection_adapters/abstract/connection_pool.rb:448:in `checkout_new_connection'
  activerecord (4.2.9) lib/active_record/connection_adapters/abstract/connection_pool.rb:422:in `acquire_connection'
  activerecord (4.2.9) lib/active_record/connection_adapters/abstract/connection_pool.rb:349:in `block in checkout'
  /root/.rbenv/versions/2.3.0/lib/ruby/2.3.0/monitor.rb:214:in `mon_synchronize'
  activerecord (4.2.9) lib/active_record/connection_adapters/abstract/connection_pool.rb:348:in `checkout'
  activerecord (4.2.9) lib/active_record/connection_adapters/abstract/connection_pool.rb:263:in `block in connection'
  /root/.rbenv/versions/2.3.0/lib/ruby/2.3.0/monitor.rb:214:in `mon_synchronize'
  activerecord (4.2.9) lib/active_record/connection_adapters/abstract/connection_pool.rb:262:in `connection'
  activerecord (4.2.9) lib/active_record/connection_adapters/abstract/connection_pool.rb:571:in `retrieve_connection'
  activerecord (4.2.9) lib/active_record/connection_handling.rb:113:in `retrieve_connection'
  activerecord (4.2.9) lib/active_record/connection_handling.rb:87:in `connection'
  activerecord (4.2.9) lib/active_record/migration.rb:383:in `connection'
  activerecord (4.2.9) lib/active_record/migration.rb:370:in `call'
  actionpack (4.2.9) lib/action_dispatch/middleware/callbacks.rb:29:in `block in call'
  activesupport (4.2.9) lib/active_support/callbacks.rb:88:in `__run_callbacks__'
  activesupport (4.2.9) lib/active_support/callbacks.rb:778:in `_run_call_callbacks'
  activesupport (4.2.9) lib/active_support/callbacks.rb:81:in `run_callbacks'
  actionpack (4.2.9) lib/action_dispatch/middleware/callbacks.rb:27:in `call'
  actionpack (4.2.9) lib/action_dispatch/middleware/reloader.rb:73:in `call'
  actionpack (4.2.9) lib/action_dispatch/middleware/remote_ip.rb:78:in `call'
  better_errors (2.3.0) lib/better_errors/middleware.rb:59:in `call'
  actionpack (4.2.9) lib/action_dispatch/middleware/debug_exceptions.rb:17:in `call'
  web-console (3.3.0) lib/web_console/middleware.rb:131:in `call_app'
  web-console (3.3.0) lib/web_console/middleware.rb:20:in `block in call'
  web-console (3.3.0) lib/web_console/middleware.rb:18:in `catch'
  web-console (3.3.0) lib/web_console/middleware.rb:18:in `call'
  actionpack (4.2.9) lib/action_dispatch/middleware/show_exceptions.rb:30:in `call'
  railties (4.2.9) lib/rails/rack/logger.rb:38:in `call_app'
  railties (4.2.9) lib/rails/rack/logger.rb:20:in `block in call'
  activesupport (4.2.9) lib/active_support/tagged_logging.rb:68:in `block in tagged'
  activesupport (4.2.9) lib/active_support/tagged_logging.rb:26:in `tagged'
  activesupport (4.2.9) lib/active_support/tagged_logging.rb:68:in `tagged'
  railties (4.2.9) lib/rails/rack/logger.rb:20:in `call'
  quiet_assets (1.1.0) lib/quiet_assets.rb:27:in `call_with_quiet_assets'
  sprockets-rails (3.2.1) lib/sprockets/rails/quiet_assets.rb:13:in `call'
  actionpack (4.2.9) lib/action_dispatch/middleware/request_id.rb:21:in `call'
  rack (1.6.8) lib/rack/methodoverride.rb:22:in `call'
  rack (1.6.8) lib/rack/runtime.rb:18:in `call'
  activesupport (4.2.9) lib/active_support/cache/strategy/local_cache_middleware.rb:28:in `call'
  rack (1.6.8) lib/rack/lock.rb:17:in `call'
  actionpack (4.2.9) lib/action_dispatch/middleware/static.rb:120:in `call'
  rack (1.6.8) lib/rack/sendfile.rb:113:in `call'
  railties (4.2.9) lib/rails/engine.rb:518:in `call'
  railties (4.2.9) lib/rails/application.rb:165:in `call'
  rack (1.6.8) lib/rack/content_length.rb:15:in `call'
  thin (1.7.2) lib/thin/connection.rb:86:in `block in pre_process'
  thin (1.7.2) lib/thin/connection.rb:84:in `catch'
  thin (1.7.2) lib/thin/connection.rb:84:in `pre_process'
  thin (1.7.2) lib/thin/connection.rb:53:in `process'
  thin (1.7.2) lib/thin/connection.rb:39:in `receive_data'
  eventmachine (1.2.5) lib/eventmachine.rb:194:in `run_machine'
  eventmachine (1.2.5) lib/eventmachine.rb:194:in `run'
  thin (1.7.2) lib/thin/backends/base.rb:73:in `start'
  thin (1.7.2) lib/thin/server.rb:162:in `start'
  rack (1.6.8) lib/rack/handler/thin.rb:19:in `run'
  rack (1.6.8) lib/rack/server.rb:287:in `start'
  railties (4.2.9) lib/rails/commands/server.rb:80:in `start'
  railties (4.2.9) lib/rails/commands/commands_tasks.rb:80:in `block in server'
  railties (4.2.9) lib/rails/commands/commands_tasks.rb:75:in `tap'
  railties (4.2.9) lib/rails/commands/commands_tasks.rb:75:in `server'
  railties (4.2.9) lib/rails/commands/commands_tasks.rb:39:in `run_command!'
  railties (4.2.9) lib/rails/commands.rb:17:in `<top (required)>'
  bin/rails:9:in `require'
  bin/rails:9:in `<top (required)>'
  spring (2.0.2) lib/spring/client/rails.rb:28:in `load'
  spring (2.0.2) lib/spring/client/rails.rb:28:in `call'
  spring (2.0.2) lib/spring/client/command.rb:7:in `call'
  spring (2.0.2) lib/spring/client.rb:30:in `run'
  spring (2.0.2) bin/spring:49:in `<top (required)>'
  spring (2.0.2) lib/spring/binstub.rb:31:in `load'
  spring (2.0.2) lib/spring/binstub.rb:31:in `<top (required)>'
  /root/.rbenv/versions/2.3.0/lib/ruby/2.3.0/rubygems/core_ext/kernel_require.rb:68:in `require'
  /root/.rbenv/versions/2.3.0/lib/ruby/2.3.0/rubygems/core_ext/kernel_require.rb:68:in `require'
  bin/spring:15:in `<top (required)>'
  bin/rails:3:in `load'
  bin/rails:3:in `<main>'


  Rendered /root/.rbenv/versions/2.3.0/lib/ruby/gems/2.3.0/gems/actionpack-4.2.9/lib/action_dispatch/middleware/templates/rescues/_source.erb (4.2ms)
  Rendered /root/.rbenv/versions/2.3.0/lib/ruby/gems/2.3.0/gems/actionpack-4.2.9/lib/action_dispatch/middleware/templates/rescues/_trace.html.erb (2.3ms)
  Rendered /root/.rbenv/versions/2.3.0/lib/ruby/gems/2.3.0/gems/actionpack-4.2.9/lib/action_dispatch/middleware/templates/rescues/_request_and_response.html.erb (1.2ms)
  Rendered /root/.rbenv/versions/2.3.0/lib/ruby/gems/2.3.0/gems/actionpack-4.2.9/lib/action_dispatch/middleware/templates/rescues/diagnostics.html.erb within rescues/layout (26.8ms)
  [1m[36m (8.4ms)[0m  [1mCREATE TABLE `schema_migrations` (`version` varchar(255) NOT NULL) ENGINE=InnoDB[0m
  [1m[35m (19.2ms)[0m  CREATE UNIQUE INDEX `unique_schema_migrations`  ON `schema_migrations` (`version`) 
  [1m[36mActiveRecord::SchemaMigration Load (0.2ms)[0m  [1mSELECT `schema_migrations`.* FROM `schema_migrations`[0m
Migrating to DeviseCreateUsers (20160109173134)
  [1m[35m (7.9ms)[0m  CREATE TABLE `users` (`id` int(11) auto_increment PRIMARY KEY, `email` varchar(255) DEFAULT '' NOT NULL, `encrypted_password` varchar(255) DEFAULT '' NOT NULL, `reset_password_token` varchar(255), `reset_password_sent_at` datetime, `remember_created_at` datetime, `sign_in_count` int(11) DEFAULT 0 NOT NULL, `current_sign_in_at` datetime, `last_sign_in_at` datetime, `current_sign_in_ip` varchar(255), `last_sign_in_ip` varchar(255), `created_at` datetime NOT NULL, `updated_at` datetime NOT NULL) ENGINE=InnoDB
  [1m[36m (6.2ms)[0m  [1mCREATE UNIQUE INDEX `index_users_on_email`  ON `users` (`email`) [0m
  [1m[35m (7.7ms)[0m  CREATE UNIQUE INDEX `index_users_on_reset_password_token`  ON `users` (`reset_password_token`) 
  [1m[36m (0.2ms)[0m  [1mBEGIN[0m
  [1m[35mSQL (0.4ms)[0m  INSERT INTO `schema_migrations` (`version`) VALUES ('20160109173134')
  [1m[36m (0.9ms)[0m  [1mCOMMIT[0m
Migrating to AddNameToUsers (20160109173136)
  [1m[35m (16.5ms)[0m  ALTER TABLE `users` ADD `name` varchar(255)
  [1m[36m (0.2ms)[0m  [1mBEGIN[0m
  [1m[35mSQL (0.4ms)[0m  INSERT INTO `schema_migrations` (`version`) VALUES ('20160109173136')
  [1m[36m (1.0ms)[0m  [1mCOMMIT[0m
Migrating to CreateLandlords (20170727153702)
  [1m[35m (301.0ms)[0m  CREATE TABLE `landlords` (`id` int(11) auto_increment PRIMARY KEY, `fname` varchar(255), `oname` varchar(255), `postal_address` varchar(255), `town` varchar(255), `national_id` int(11), `phone` int(11), `email` varchar(255), `status` varchar(255), `created_at` datetime NOT NULL, `updated_at` datetime NOT NULL) ENGINE=InnoDB
  [1m[36m (0.2ms)[0m  [1mBEGIN[0m
  [1m[35mSQL (0.2ms)[0m  INSERT INTO `schema_migrations` (`version`) VALUES ('20170727153702')
  [1m[36m (1.2ms)[0m  [1mCOMMIT[0m
Migrating to CreateProperties (20170729202839)
  [1m[35m (13.8ms)[0m  CREATE TABLE `properties` (`id` int(11) auto_increment PRIMARY KEY, `estate` varchar(255), `plot_no` varchar(255), `units_on_plot` int(11), `field_officer` int(11), `landlord_id` int(11), `plot_name` varchar(255), `town` varchar(255), `commission` int(11), `created_at` datetime NOT NULL, `updated_at` datetime NOT NULL) ENGINE=InnoDB
  [1m[36m (0.3ms)[0m  [1mBEGIN[0m
  [1m[35mSQL (0.3ms)[0m  INSERT INTO `schema_migrations` (`version`) VALUES ('20170729202839')
  [1m[36m (2.5ms)[0m  [1mCOMMIT[0m
Migrating to CreateProducts (20170730202306)
  [1m[35m (15.4ms)[0m  CREATE TABLE `products` (`id` int(11) auto_increment PRIMARY KEY, `name` varchar(255), `description` varchar(255), `price` decimal, `quantity` int(11), `available_at` datetime, `tags` varchar(255), `created_at` datetime NOT NULL, `updated_at` datetime NOT NULL) ENGINE=InnoDB
  [1m[36m (0.2ms)[0m  [1mBEGIN[0m
  [1m[35mSQL (0.3ms)[0m  INSERT INTO `schema_migrations` (`version`) VALUES ('20170730202306')
  [1m[36m (3.0ms)[0m  [1mCOMMIT[0m
Migrating to CreateCategories (20170730202500)
  [1m[35m (19.9ms)[0m  CREATE TABLE `categories` (`id` int(11) auto_increment PRIMARY KEY, `name` varchar(255), `product_id` int(11), `created_at` datetime NOT NULL, `updated_at` datetime NOT NULL) ENGINE=InnoDB
  [1m[36m (0.1ms)[0m  [1mBEGIN[0m
  [1m[35mSQL (0.3ms)[0m  INSERT INTO `schema_migrations` (`version`) VALUES ('20170730202500')
  [1m[36m (2.8ms)[0m  [1mCOMMIT[0m
Migrating to AddtoHouseDetails (20170816124811)
  [1m[35m (0.1ms)[0m  BEGIN
  [1m[36mSQL (0.3ms)[0m  [1mINSERT INTO `schema_migrations` (`version`) VALUES ('20170816124811')[0m
  [1m[35m (1.5ms)[0m  COMMIT
Migrating to CreateTenants (20170817073619)
  [1m[36m (8.1ms)[0m  [1mCREATE TABLE `tenants` (`id` int(11) auto_increment PRIMARY KEY, `fname` varchar(255), `lname` varchar(255), `address` varchar(255), `town` varchar(255), `phone` int(11), `national_id` int(11), `created_at` datetime NOT NULL, `updated_at` datetime NOT NULL) ENGINE=InnoDB[0m
  [1m[35m (0.2ms)[0m  BEGIN
  [1m[36mSQL (0.5ms)[0m  [1mINSERT INTO `schema_migrations` (`version`) VALUES ('20170817073619')[0m
  [1m[35m (1.4ms)[0m  COMMIT
Migrating to AddtoTenants (20170817080228)
  [1m[36m (17.4ms)[0m  [1mALTER TABLE `tenants` ADD `status` varchar(255)[0m
  [1m[35m (0.4ms)[0m  BEGIN
  [1m[36mSQL (0.2ms)[0m  [1mINSERT INTO `schema_migrations` (`version`) VALUES ('20170817080228')[0m
  [1m[35m (1.2ms)[0m  COMMIT
Migrating to AddstatToTenants (20170817081029)
  [1m[36m (0.2ms)[0m  [1mBEGIN[0m
  [1m[35mSQL (0.2ms)[0m  INSERT INTO `schema_migrations` (`version`) VALUES ('20170817081029')
  [1m[36m (0.4ms)[0m  [1mCOMMIT[0m
Migrating to CreateTransactions (20170818083338)
  [1m[35m (9.0ms)[0m  CREATE TABLE `transactions` (`id` int(11) auto_increment PRIMARY KEY, `month` int(11), `amount` decimal, `tenant_id` int(11), `date` datetime, `received_by` varchar(255), `property_id` varchar(255), `receipt_no` varchar(255), `mode` varchar(255), `disbursed` int(11), `year` date, `d_id` int(11), `created_at` datetime NOT NULL, `updated_at` datetime NOT NULL) ENGINE=InnoDB
  [1m[36m (0.2ms)[0m  [1mBEGIN[0m
  [1m[35mSQL (0.3ms)[0m  INSERT INTO `schema_migrations` (`version`) VALUES ('20170818083338')
  [1m[36m (1.1ms)[0m  [1mCOMMIT[0m
Migrating to CreateHouses (20170825084619)
  [1m[35m (8.0ms)[0m  CREATE TABLE `houses` (`id` int(11) auto_increment PRIMARY KEY, `created_at` datetime NOT NULL, `updated_at` datetime NOT NULL) ENGINE=InnoDB
  [1m[36m (0.1ms)[0m  [1mBEGIN[0m
  [1m[35mSQL (0.3ms)[0m  INSERT INTO `schema_migrations` (`version`) VALUES ('20170825084619')
  [1m[36m (0.9ms)[0m  [1mCOMMIT[0m
Migrating to CreateCharges (20170825115949)
  [1m[35m (10.7ms)[0m  CREATE TABLE `charges` (`id` int(11) auto_increment PRIMARY KEY, `amount` decimal, `month` int(11), `account` int(11), `property_id` int(11), `mode` varchar(255), `tenant_id` int(11), `receipt` varchar(255), `created_at` datetime NOT NULL, `updated_at` datetime NOT NULL) ENGINE=InnoDB
  [1m[36m (0.3ms)[0m  [1mBEGIN[0m
  [1m[35mSQL (0.3ms)[0m  INSERT INTO `schema_migrations` (`version`) VALUES ('20170825115949')
  [1m[36m (0.6ms)[0m  [1mCOMMIT[0m
Migrating to CreateAccounts (20170825120208)
  [1m[35m (6.6ms)[0m  CREATE TABLE `accounts` (`id` int(11) auto_increment PRIMARY KEY, `accountname` varchar(255), `type` varchar(255), `defaultamount` decimal, `created_at` datetime NOT NULL, `updated_at` datetime NOT NULL) ENGINE=InnoDB
  [1m[36m (0.2ms)[0m  [1mBEGIN[0m
  [1m[35mSQL (0.2ms)[0m  INSERT INTO `schema_migrations` (`version`) VALUES ('20170825120208')
  [1m[36m (1.0ms)[0m  [1mCOMMIT[0m
Migrating to CreateAssigns (20170825121809)
  [1m[35m (6.9ms)[0m  CREATE TABLE `assigns` (`id` int(11) auto_increment PRIMARY KEY, `tenant_id` int(11), `houses_id` int(11), `properties_id` varchar(255), `created_at` datetime NOT NULL, `updated_at` datetime NOT NULL) ENGINE=InnoDB
  [1m[36m (0.1ms)[0m  [1mBEGIN[0m
  [1m[35mSQL (0.2ms)[0m  INSERT INTO `schema_migrations` (`version`) VALUES ('20170825121809')
  [1m[36m (0.9ms)[0m  [1mCOMMIT[0m
Migrating to CreateDisburses (20170830200459)
  [1m[35m (6.8ms)[0m  CREATE TABLE `disburses` (`id` int(11) auto_increment PRIMARY KEY, `property_id` int(11), `month` int(11), `year` date, `amount` decimal, `paid_by` varchar(255), `mode` varchar(255), `created_at` datetime NOT NULL, `updated_at` datetime NOT NULL) ENGINE=InnoDB
  [1m[36m (0.1ms)[0m  [1mBEGIN[0m
  [1m[35mSQL (0.2ms)[0m  INSERT INTO `schema_migrations` (`version`) VALUES ('20170830200459')
  [1m[36m (0.5ms)[0m  [1mCOMMIT[0m
Migrating to CreateFields (20170901075816)
  [1m[35m (6.6ms)[0m  CREATE TABLE `fields` (`id` int(11) auto_increment PRIMARY KEY, `names` varchar(255), `plot_no` varchar(255), `unit_no` varchar(255), `amount` decimal, `receipt` varchar(255), `created_at` datetime NOT NULL, `updated_at` datetime NOT NULL) ENGINE=InnoDB
  [1m[36m (0.1ms)[0m  [1mBEGIN[0m
  [1m[35mSQL (0.3ms)[0m  INSERT INTO `schema_migrations` (`version`) VALUES ('20170901075816')
  [1m[36m (1.1ms)[0m  [1mCOMMIT[0m
Migrating to CreateUnittypes (20170903185211)
  [1m[35m (13.1ms)[0m  CREATE TABLE `unittypes` (`id` int(11) auto_increment PRIMARY KEY, `type` varchar(255), `created_at` datetime NOT NULL, `updated_at` datetime NOT NULL) ENGINE=InnoDB
  [1m[36m (0.2ms)[0m  [1mBEGIN[0m
  [1m[35mSQL (0.3ms)[0m  INSERT INTO `schema_migrations` (`version`) VALUES ('20170903185211')
  [1m[36m (0.7ms)[0m  [1mCOMMIT[0m
Migrating to CreateReceipts (20170907210610)
  [1m[35m (9.9ms)[0m  CREATE TABLE `receipts` (`id` int(11) auto_increment PRIMARY KEY, `month` int(11), `unit_name` varchar(255), `property_id` int(11), `receipt_no` varchar(255), `mode` varchar(255), `created_at` datetime NOT NULL, `updated_at` datetime NOT NULL) ENGINE=InnoDB
  [1m[36m (0.1ms)[0m  [1mBEGIN[0m
  [1m[35mSQL (0.3ms)[0m  INSERT INTO `schema_migrations` (`version`) VALUES ('20170907210610')
  [1m[36m (1.0ms)[0m  [1mCOMMIT[0m
Migrating to CreateArrears (20171001101109)
  [1m[35m (6.6ms)[0m  CREATE TABLE `arrears` (`id` int(11) auto_increment PRIMARY KEY, `tenant_id` varchar(255), `integer` varchar(255), `amount` decimal, `created_at` datetime NOT NULL, `updated_at` datetime NOT NULL) ENGINE=InnoDB
  [1m[36m (0.1ms)[0m  [1mBEGIN[0m
  [1m[35mSQL (0.2ms)[0m  INSERT INTO `schema_migrations` (`version`) VALUES ('20171001101109')
  [1m[36m (0.5ms)[0m  [1mCOMMIT[0m
Migrating to CreateMonths (20171001114921)
  [1m[35m (7.8ms)[0m  CREATE TABLE `months` (`id` int(11) auto_increment PRIMARY KEY, `tenant_id` int(11), `amount` decimal, `month` int(11), `year` int(11), `field_officer` int(11), `created_at` datetime NOT NULL, `updated_at` datetime NOT NULL) ENGINE=InnoDB
  [1m[36m (0.1ms)[0m  [1mBEGIN[0m
  [1m[35mSQL (0.2ms)[0m  INSERT INTO `schema_migrations` (`version`) VALUES ('20171001114921')
  [1m[36m (0.4ms)[0m  [1mCOMMIT[0m
Migrating to CreateTenantcharges (20171001120230)
  [1m[35m (8.3ms)[0m  CREATE TABLE `tenantcharges` (`id` int(11) auto_increment PRIMARY KEY, `amount` decimal, `bank_acc` varchar(255), `bank` varchar(255), `cheque` varchar(255), `account` int(11), `property_id` varchar(255), `mode` varchar(255), `tenant_id` int(11), `receipt_no` varchar(255), `created_at` datetime NOT NULL, `updated_at` datetime NOT NULL) ENGINE=InnoDB
  [1m[36m (0.2ms)[0m  [1mBEGIN[0m
  [1m[35mSQL (0.2ms)[0m  INSERT INTO `schema_migrations` (`version`) VALUES ('20171001120230')
  [1m[36m (0.9ms)[0m  [1mCOMMIT[0m
Migrating to CreatePenalties (20171004134535)
  [1m[35m (6.5ms)[0m  CREATE TABLE `penalties` (`id` int(11) auto_increment PRIMARY KEY, `tenant_id` int(11), `amount` decimal, `created_at` datetime NOT NULL, `updated_at` datetime NOT NULL) ENGINE=InnoDB
  [1m[36m (0.1ms)[0m  [1mBEGIN[0m
  [1m[35mSQL (0.2ms)[0m  INSERT INTO `schema_migrations` (`version`) VALUES ('20171004134535')
  [1m[36m (0.6ms)[0m  [1mCOMMIT[0m
  [1m[35mActiveRecord::SchemaMigration Load (0.2ms)[0m  SELECT `schema_migrations`.* FROM `schema_migrations`
  [1m[36m (0.3ms)[0m  [1mSELECT fk.referenced_table_name as 'to_table'
      ,fk.referenced_column_name as 'primary_key'
      ,fk.column_name as 'column'
      ,fk.constraint_name as 'name'
FROM information_schema.key_column_usage fk
WHERE fk.referenced_column_name is not null
  AND fk.table_schema = 'patacomm_dev'
  AND fk.table_name = 'accounts'
[0m
  [1m[35m (0.1ms)[0m  SHOW CREATE TABLE `accounts`
  [1m[36m (0.2ms)[0m  [1mSELECT fk.referenced_table_name as 'to_table'
      ,fk.referenced_column_name as 'primary_key'
      ,fk.column_name as 'column'
      ,fk.constraint_name as 'name'
FROM information_schema.key_column_usage fk
WHERE fk.referenced_column_name is not null
  AND fk.table_schema = 'patacomm_dev'
  AND fk.table_name = 'arrears'
[0m
  [1m[35m (0.1ms)[0m  SHOW CREATE TABLE `arrears`
  [1m[36m (0.2ms)[0m  [1mSELECT fk.referenced_table_name as 'to_table'
      ,fk.referenced_column_name as 'primary_key'
      ,fk.column_name as 'column'
      ,fk.constraint_name as 'name'
FROM information_schema.key_column_usage fk
WHERE fk.referenced_column_name is not null
  AND fk.table_schema = 'patacomm_dev'
  AND fk.table_name = 'assigns'
[0m
  [1m[35m (0.1ms)[0m  SHOW CREATE TABLE `assigns`
  [1m[36m (0.2ms)[0m  [1mSELECT fk.referenced_table_name as 'to_table'
      ,fk.referenced_column_name as 'primary_key'
      ,fk.column_name as 'column'
      ,fk.constraint_name as 'name'
FROM information_schema.key_column_usage fk
WHERE fk.referenced_column_name is not null
  AND fk.table_schema = 'patacomm_dev'
  AND fk.table_name = 'categories'
[0m
  [1m[35m (0.1ms)[0m  SHOW CREATE TABLE `categories`
  [1m[36m (0.2ms)[0m  [1mSELECT fk.referenced_table_name as 'to_table'
      ,fk.referenced_column_name as 'primary_key'
      ,fk.column_name as 'column'
      ,fk.constraint_name as 'name'
FROM information_schema.key_column_usage fk
WHERE fk.referenced_column_name is not null
  AND fk.table_schema = 'patacomm_dev'
  AND fk.table_name = 'charges'
[0m
  [1m[35m (0.1ms)[0m  SHOW CREATE TABLE `charges`
  [1m[36m (0.2ms)[0m  [1mSELECT fk.referenced_table_name as 'to_table'
      ,fk.referenced_column_name as 'primary_key'
      ,fk.column_name as 'column'
      ,fk.constraint_name as 'name'
FROM information_schema.key_column_usage fk
WHERE fk.referenced_column_name is not null
  AND fk.table_schema = 'patacomm_dev'
  AND fk.table_name = 'disburses'
[0m
  [1m[35m (0.1ms)[0m  SHOW CREATE TABLE `disburses`
  [1m[36m (0.2ms)[0m  [1mSELECT fk.referenced_table_name as 'to_table'
      ,fk.referenced_column_name as 'primary_key'
      ,fk.column_name as 'column'
      ,fk.constraint_name as 'name'
FROM information_schema.key_column_usage fk
WHERE fk.referenced_column_name is not null
  AND fk.table_schema = 'patacomm_dev'
  AND fk.table_name = 'fields'
[0m
  [1m[35m (0.2ms)[0m  SHOW CREATE TABLE `fields`
  [1m[36m (0.2ms)[0m  [1mSELECT fk.referenced_table_name as 'to_table'
      ,fk.referenced_column_name as 'primary_key'
      ,fk.column_name as 'column'
      ,fk.constraint_name as 'name'
FROM information_schema.key_column_usage fk
WHERE fk.referenced_column_name is not null
  AND fk.table_schema = 'patacomm_dev'
  AND fk.table_name = 'houses'
[0m
  [1m[35m (0.1ms)[0m  SHOW CREATE TABLE `houses`
  [1m[36m (0.2ms)[0m  [1mSELECT fk.referenced_table_name as 'to_table'
      ,fk.referenced_column_name as 'primary_key'
      ,fk.column_name as 'column'
      ,fk.constraint_name as 'name'
FROM information_schema.key_column_usage fk
WHERE fk.referenced_column_name is not null
  AND fk.table_schema = 'patacomm_dev'
  AND fk.table_name = 'landlords'
[0m
  [1m[35m (0.2ms)[0m  SHOW CREATE TABLE `landlords`
  [1m[36m (0.2ms)[0m  [1mSELECT fk.referenced_table_name as 'to_table'
      ,fk.referenced_column_name as 'primary_key'
      ,fk.column_name as 'column'
      ,fk.constraint_name as 'name'
FROM information_schema.key_column_usage fk
WHERE fk.referenced_column_name is not null
  AND fk.table_schema = 'patacomm_dev'
  AND fk.table_name = 'months'
[0m
  [1m[35m (0.1ms)[0m  SHOW CREATE TABLE `months`
  [1m[36m (0.2ms)[0m  [1mSELECT fk.referenced_table_name as 'to_table'
      ,fk.referenced_column_name as 'primary_key'
      ,fk.column_name as 'column'
      ,fk.constraint_name as 'name'
FROM information_schema.key_column_usage fk
WHERE fk.referenced_column_name is not null
  AND fk.table_schema = 'patacomm_dev'
  AND fk.table_name = 'penalties'
[0m
  [1m[35m (0.1ms)[0m  SHOW CREATE TABLE `penalties`
  [1m[36m (0.3ms)[0m  [1mSELECT fk.referenced_table_name as 'to_table'
      ,fk.referenced_column_name as 'primary_key'
      ,fk.column_name as 'column'
      ,fk.constraint_name as 'name'
FROM information_schema.key_column_usage fk
WHERE fk.referenced_column_name is not null
  AND fk.table_schema = 'patacomm_dev'
  AND fk.table_name = 'products'
[0m
  [1m[35m (0.2ms)[0m  SHOW CREATE TABLE `products`
  [1m[36m (0.2ms)[0m  [1mSELECT fk.referenced_table_name as 'to_table'
      ,fk.referenced_column_name as 'primary_key'
      ,fk.column_name as 'column'
      ,fk.constraint_name as 'name'
FROM information_schema.key_column_usage fk
WHERE fk.referenced_column_name is not null
  AND fk.table_schema = 'patacomm_dev'
  AND fk.table_name = 'properties'
[0m
  [1m[35m (0.2ms)[0m  SHOW CREATE TABLE `properties`
  [1m[36m (0.2ms)[0m  [1mSELECT fk.referenced_table_name as 'to_table'
      ,fk.referenced_column_name as 'primary_key'
      ,fk.column_name as 'column'
      ,fk.constraint_name as 'name'
FROM information_schema.key_column_usage fk
WHERE fk.referenced_column_name is not null
  AND fk.table_schema = 'patacomm_dev'
  AND fk.table_name = 'receipts'
[0m
  [1m[35m (0.1ms)[0m  SHOW CREATE TABLE `receipts`
  [1m[36m (0.2ms)[0m  [1mSELECT fk.referenced_table_name as 'to_table'
      ,fk.referenced_column_name as 'primary_key'
      ,fk.column_name as 'column'
      ,fk.constraint_name as 'name'
FROM information_schema.key_column_usage fk
WHERE fk.referenced_column_name is not null
  AND fk.table_schema = 'patacomm_dev'
  AND fk.table_name = 'tenantcharges'
[0m
  [1m[35m (0.1ms)[0m  SHOW CREATE TABLE `tenantcharges`
  [1m[36m (0.2ms)[0m  [1mSELECT fk.referenced_table_name as 'to_table'
      ,fk.referenced_column_name as 'primary_key'
      ,fk.column_name as 'column'
      ,fk.constraint_name as 'name'
FROM information_schema.key_column_usage fk
WHERE fk.referenced_column_name is not null
  AND fk.table_schema = 'patacomm_dev'
  AND fk.table_name = 'tenants'
[0m
  [1m[35m (0.2ms)[0m  SHOW CREATE TABLE `tenants`
  [1m[36m (0.2ms)[0m  [1mSELECT fk.referenced_table_name as 'to_table'
      ,fk.referenced_column_name as 'primary_key'
      ,fk.column_name as 'column'
      ,fk.constraint_name as 'name'
FROM information_schema.key_column_usage fk
WHERE fk.referenced_column_name is not null
  AND fk.table_schema = 'patacomm_dev'
  AND fk.table_name = 'transactions'
[0m
  [1m[35m (0.1ms)[0m  SHOW CREATE TABLE `transactions`
  [1m[36m (0.2ms)[0m  [1mSELECT fk.referenced_table_name as 'to_table'
      ,fk.referenced_column_name as 'primary_key'
      ,fk.column_name as 'column'
      ,fk.constraint_name as 'name'
FROM information_schema.key_column_usage fk
WHERE fk.referenced_column_name is not null
  AND fk.table_schema = 'patacomm_dev'
  AND fk.table_name = 'unittypes'
[0m
  [1m[35m (0.2ms)[0m  SHOW CREATE TABLE `unittypes`
  [1m[36m (0.2ms)[0m  [1mSELECT fk.referenced_table_name as 'to_table'
      ,fk.referenced_column_name as 'primary_key'
      ,fk.column_name as 'column'
      ,fk.constraint_name as 'name'
FROM information_schema.key_column_usage fk
WHERE fk.referenced_column_name is not null
  AND fk.table_schema = 'patacomm_dev'
  AND fk.table_name = 'users'
[0m
  [1m[35m (0.1ms)[0m  SHOW CREATE TABLE `users`


Started GET "/" for 196.103.132.6 at 2017-12-20 18:14:52 +0000
Cannot render console from 196.103.132.6! Allowed networks: 127.0.0.1, ::1, 127.0.0.0/127.255.255.255
  [1m[36mActiveRecord::SchemaMigration Load (0.7ms)[0m  [1mSELECT `schema_migrations`.* FROM `schema_migrations`[0m
Processing by HomeController#index as HTML
Completed 401 Unauthorized in 19ms (ActiveRecord: 0.0ms)


Started GET "/session/login" for 196.103.132.6 at 2017-12-20 18:14:53 +0000
Cannot render console from 196.103.132.6! Allowed networks: 127.0.0.1, ::1, 127.0.0.0/127.255.255.255
Processing by Devise::SessionsController#new as HTML
  Rendered devise/sessions/new.html.erb within layouts/devise (27.0ms)
Completed 200 OK in 9963ms (Views: 9938.6ms | ActiveRecord: 1.3ms)


Started GET "/" for 105.231.137.83 at 2017-12-21 07:59:47 +0000
Cannot render console from 105.231.137.83! Allowed networks: 127.0.0.1, ::1, 127.0.0.0/127.255.255.255
  [1m[36mActiveRecord::SchemaMigration Load (0.7ms)[0m  [1mSELECT `schema_migrations`.* FROM `schema_migrations`[0m
Processing by HomeController#index as HTML
Completed 401 Unauthorized in 20ms (ActiveRecord: 0.0ms)


Started GET "/session/login" for 105.231.137.83 at 2017-12-21 07:59:48 +0000
Cannot render console from 105.231.137.83! Allowed networks: 127.0.0.1, ::1, 127.0.0.0/127.255.255.255
Processing by Devise::SessionsController#new as HTML
  Rendered devise/sessions/new.html.erb within layouts/devise (20.3ms)
Completed 200 OK in 709ms (Views: 686.4ms | ActiveRecord: 1.4ms)


Started POST "/session/login" for 105.231.137.83 at 2017-12-21 08:00:00 +0000
Cannot render console from 105.231.137.83! Allowed networks: 127.0.0.1, ::1, 127.0.0.0/127.255.255.255
Processing by Devise::SessionsController#create as HTML
  Parameters: {"utf8"=>"✓", "authenticity_token"=>"v+2IbBEYqf0IHZ6JaHHp33Cv6q3PyZUR56mkloFeic2Kyen/RqT7CbTcqoquKI7GhK6xZBUgpFXhlDIeUJfSwA==", "user"=>{"email"=>"fgg@gmail.com", "password"=>"[FILTERED]", "remember_me"=>"0"}, "commit"=>"Sign in"}
  [1m[35mUser Load (1.6ms)[0m  SELECT  `users`.* FROM `users` WHERE `users`.`email` = 'fgg@gmail.com'  ORDER BY `users`.`id` ASC LIMIT 1
Completed 401 Unauthorized in 20ms (ActiveRecord: 1.6ms)
Processing by Devise::SessionsController#new as HTML
  Parameters: {"utf8"=>"✓", "authenticity_token"=>"v+2IbBEYqf0IHZ6JaHHp33Cv6q3PyZUR56mkloFeic2Kyen/RqT7CbTcqoquKI7GhK6xZBUgpFXhlDIeUJfSwA==", "user"=>{"email"=>"fgg@gmail.com", "password"=>"[FILTERED]", "remember_me"=>"0"}, "commit"=>"Sign in"}
  Rendered devise/sessions/new.html.erb within layouts/devise (3.2ms)
Completed 200 OK in 364ms (Views: 268.2ms | ActiveRecord: 0.0ms)
  [1m[36mActiveRecord::SchemaMigration Load (0.6ms)[0m  [1mSELECT `schema_migrations`.* FROM `schema_migrations`[0m
  [1m[35m (0.3ms)[0m  BEGIN
  [1m[36mUser Exists (0.7ms)[0m  [1mSELECT  1 AS one FROM `users` WHERE `users`.`email` = BINARY 'user@example.com' LIMIT 1[0m
  [1m[35mSQL (0.5ms)[0m  INSERT INTO `users` (`encrypted_password`, `email`, `created_at`, `updated_at`) VALUES ('$2a$10$SpTHNAG5PGcs.y1RVTq4EeM7gou9m/yikQQk3PYL6qr.LHyrJZ9/O', 'user@example.com', '2017-12-21 08:16:55', '2017-12-21 08:16:55')
  [1m[36m (1.8ms)[0m  [1mCOMMIT[0m
  [1m[36mActiveRecord::SchemaMigration Load (0.6ms)[0m  [1mSELECT `schema_migrations`.* FROM `schema_migrations`[0m
  [1m[35m (0.4ms)[0m  BEGIN
  [1m[36mUser Exists (0.5ms)[0m  [1mSELECT  1 AS one FROM `users` WHERE `users`.`email` = BINARY 'user@example.com' LIMIT 1[0m
  [1m[35m (0.6ms)[0m  ROLLBACK


Started GET "/" for 105.231.137.83 at 2017-12-21 08:45:27 +0000
Cannot render console from 105.231.137.83! Allowed networks: 127.0.0.1, ::1, 127.0.0.0/127.255.255.255
  [1m[36mActiveRecord::SchemaMigration Load (0.7ms)[0m  [1mSELECT `schema_migrations`.* FROM `schema_migrations`[0m
Processing by HomeController#index as HTML
Completed 401 Unauthorized in 19ms (ActiveRecord: 0.0ms)


Started GET "/session/login" for 105.231.137.83 at 2017-12-21 08:45:28 +0000
Cannot render console from 105.231.137.83! Allowed networks: 127.0.0.1, ::1, 127.0.0.0/127.255.255.255
Processing by Devise::SessionsController#new as HTML
  Rendered devise/sessions/new.html.erb within layouts/devise (21.9ms)
Completed 200 OK in 859ms (Views: 829.9ms | ActiveRecord: 6.6ms)


Started POST "/session/login" for 105.231.137.83 at 2017-12-21 08:45:46 +0000
Cannot render console from 105.231.137.83! Allowed networks: 127.0.0.1, ::1, 127.0.0.0/127.255.255.255
Processing by Devise::SessionsController#create as HTML
  Parameters: {"utf8"=>"✓", "authenticity_token"=>"g3No86dJBEun/5GedFXQneX5u/fCQrN7NW8QFrF7lHW2Vwlg8PVWvxs+pZ2yDLeEEfjgPhirgj8zUoaeYLLPeA==", "user"=>{"email"=>"users@example.com", "password"=>"[FILTERED]", "remember_me"=>"0"}, "commit"=>"Sign in"}
  [1m[35mUser Load (1.4ms)[0m  SELECT  `users`.* FROM `users` WHERE `users`.`email` = 'users@example.com'  ORDER BY `users`.`id` ASC LIMIT 1
Completed 401 Unauthorized in 22ms (ActiveRecord: 1.4ms)
Processing by Devise::SessionsController#new as HTML
  Parameters: {"utf8"=>"✓", "authenticity_token"=>"g3No86dJBEun/5GedFXQneX5u/fCQrN7NW8QFrF7lHW2Vwlg8PVWvxs+pZ2yDLeEEfjgPhirgj8zUoaeYLLPeA==", "user"=>{"email"=>"users@example.com", "password"=>"[FILTERED]", "remember_me"=>"0"}, "commit"=>"Sign in"}
  Rendered devise/sessions/new.html.erb within layouts/devise (3.8ms)
Completed 200 OK in 422ms (Views: 315.0ms | ActiveRecord: 0.0ms)


Started POST "/session/login" for 105.231.137.83 at 2017-12-21 08:45:53 +0000
Cannot render console from 105.231.137.83! Allowed networks: 127.0.0.1, ::1, 127.0.0.0/127.255.255.255
Processing by Devise::SessionsController#create as HTML
  Parameters: {"utf8"=>"✓", "authenticity_token"=>"mk8rT3QFr0fLBF+J5N/uxxY8ROioC/yptO6ObXMlABSva0rcI7n9s3fFa4oihone4j0fIXLize2y0xjlouxbGQ==", "user"=>{"email"=>"users@example.com", "password"=>"[FILTERED]", "remember_me"=>"0"}, "commit"=>"Sign in"}
  [1m[36mUser Load (1.4ms)[0m  [1mSELECT  `users`.* FROM `users` WHERE `users`.`email` = 'users@example.com'  ORDER BY `users`.`id` ASC LIMIT 1[0m
Completed 401 Unauthorized in 7ms (ActiveRecord: 1.4ms)
Processing by Devise::SessionsController#new as HTML
  Parameters: {"utf8"=>"✓", "authenticity_token"=>"mk8rT3QFr0fLBF+J5N/uxxY8ROioC/yptO6ObXMlABSva0rcI7n9s3fFa4oihone4j0fIXLize2y0xjlouxbGQ==", "user"=>{"email"=>"users@example.com", "password"=>"[FILTERED]", "remember_me"=>"0"}, "commit"=>"Sign in"}
  Rendered devise/sessions/new.html.erb within layouts/devise (3.6ms)
Completed 200 OK in 266ms (Views: 183.5ms | ActiveRecord: 0.0ms)


Started POST "/session/login" for 105.231.137.83 at 2017-12-21 08:47:31 +0000
Cannot render console from 105.231.137.83! Allowed networks: 127.0.0.1, ::1, 127.0.0.0/127.255.255.255
Processing by Devise::SessionsController#create as HTML
  Parameters: {"utf8"=>"✓", "authenticity_token"=>"NzIE0OkcLtakbpo4rUMd3V7E6RIOGe+TMpcMEg8J+6gCFmVDvqB8IhivrjtrGnrEqsWy29Tw3tc0qpqa3sCgpQ==", "user"=>{"email"=>"user@example.com", "password"=>"[FILTERED]", "remember_me"=>"0"}, "commit"=>"Sign in"}
  [1m[35mUser Load (2.2ms)[0m  SELECT  `users`.* FROM `users` WHERE `users`.`email` = 'user@example.com'  ORDER BY `users`.`id` ASC LIMIT 1
  [1m[36m (0.2ms)[0m  [1mBEGIN[0m
  [1m[35mSQL (1.4ms)[0m  UPDATE `users` SET `last_sign_in_at` = '2017-12-21 08:47:32', `current_sign_in_at` = '2017-12-21 08:47:32', `last_sign_in_ip` = '105.231.137.83', `current_sign_in_ip` = '105.231.137.83', `sign_in_count` = 1, `updated_at` = '2017-12-21 08:47:32' WHERE `users`.`id` = 1
  [1m[36m (1.7ms)[0m  [1mCOMMIT[0m
Redirected to http://45.77.61.86:3000/
Completed 302 Found in 114ms (ActiveRecord: 5.5ms)


Started GET "/" for 105.231.137.83 at 2017-12-21 08:47:32 +0000
Cannot render console from 105.231.137.83! Allowed networks: 127.0.0.1, ::1, 127.0.0.0/127.255.255.255
Processing by HomeController#index as HTML
  [1m[35mUser Load (1.0ms)[0m  SELECT  `users`.* FROM `users` WHERE `users`.`id` = 1  ORDER BY `users`.`id` ASC LIMIT 1
  Rendered home/index.html.erb within layouts/application (0.7ms)
  Rendered layouts/_navbar.html.erb (1.0ms)
  Rendered layouts/_title.html.erb (0.4ms)
  Rendered layouts/_messages.html.erb (0.7ms)
Completed 200 OK in 186ms (Views: 183.0ms | ActiveRecord: 1.0ms)


Started GET "/" for 154.76.200.117 at 2017-12-21 11:32:28 +0000
Cannot render console from 154.76.200.117! Allowed networks: 127.0.0.1, ::1, 127.0.0.0/127.255.255.255
  [1m[36mActiveRecord::SchemaMigration Load (0.7ms)[0m  [1mSELECT `schema_migrations`.* FROM `schema_migrations`[0m
Processing by HomeController#index as HTML
  [1m[35mUser Load (0.5ms)[0m  SELECT  `users`.* FROM `users` WHERE `users`.`id` = 1  ORDER BY `users`.`id` ASC LIMIT 1
Completed 401 Unauthorized in 41ms (ActiveRecord: 1.7ms)


Started GET "/session/login" for 154.76.200.117 at 2017-12-21 11:32:29 +0000
Cannot render console from 154.76.200.117! Allowed networks: 127.0.0.1, ::1, 127.0.0.0/127.255.255.255
Processing by Devise::SessionsController#new as HTML
  Rendered devise/sessions/new.html.erb within layouts/devise (26.6ms)
Completed 200 OK in 1104ms (Views: 1093.3ms | ActiveRecord: 0.0ms)


Started POST "/session/login" for 154.76.200.117 at 2017-12-21 11:32:43 +0000
Cannot render console from 154.76.200.117! Allowed networks: 127.0.0.1, ::1, 127.0.0.0/127.255.255.255
Processing by Devise::SessionsController#create as HTML
  Parameters: {"utf8"=>"✓", "authenticity_token"=>"0rCC4rvHsmL5A28tnUG3Jn1gBFH0GnXU/deaYYWtFLX6UIE1I4PdEbZZul+oWtLS/WlV2lMXBw0iAXSDMkRJKw==", "user"=>{"email"=>"user@example.com", "password"=>"[FILTERED]", "remember_me"=>"0"}, "commit"=>"Sign in"}
  [1m[36mUser Load (1.3ms)[0m  [1mSELECT  `users`.* FROM `users` WHERE `users`.`email` = 'user@example.com'  ORDER BY `users`.`id` ASC LIMIT 1[0m
  [1m[35m (0.2ms)[0m  BEGIN
  [1m[36mSQL (0.6ms)[0m  [1mUPDATE `users` SET `current_sign_in_at` = '2017-12-21 11:32:43', `current_sign_in_ip` = '154.76.200.117', `sign_in_count` = 2, `updated_at` = '2017-12-21 11:32:43' WHERE `users`.`id` = 1[0m
  [1m[35m (1.5ms)[0m  COMMIT
Redirected to http://45.77.61.86:3000/
Completed 302 Found in 149ms (ActiveRecord: 3.7ms)


Started GET "/" for 154.76.200.117 at 2017-12-21 11:32:44 +0000
Cannot render console from 154.76.200.117! Allowed networks: 127.0.0.1, ::1, 127.0.0.0/127.255.255.255
Processing by HomeController#index as HTML
  [1m[36mUser Load (1.8ms)[0m  [1mSELECT  `users`.* FROM `users` WHERE `users`.`id` = 1  ORDER BY `users`.`id` ASC LIMIT 1[0m
  Rendered home/index.html.erb within layouts/application (1.0ms)
  Rendered layouts/_navbar.html.erb (1.2ms)
  Rendered layouts/_title.html.erb (0.3ms)
  Rendered layouts/_messages.html.erb (0.8ms)
Completed 200 OK in 368ms (Views: 359.9ms | ActiveRecord: 1.8ms)


Started GET "/transactions/" for 154.76.200.117 at 2017-12-21 11:33:03 +0000
Cannot render console from 154.76.200.117! Allowed networks: 127.0.0.1, ::1, 127.0.0.0/127.255.255.255
Processing by TransactionsController#index as HTML
  [1m[35mUser Load (1.3ms)[0m  SELECT  `users`.* FROM `users` WHERE `users`.`id` = 1  ORDER BY `users`.`id` ASC LIMIT 1
  [1m[36mTransaction Load (0.5ms)[0m  [1mSELECT `transactions`.* FROM `transactions`[0m
  Rendered transactions/index.html.erb within layouts/application (4.1ms)
  Rendered layouts/_navbar.html.erb (0.5ms)
  Rendered layouts/_title.html.erb (0.1ms)
  Rendered layouts/_messages.html.erb (0.1ms)
Completed 200 OK in 187ms (Views: 173.1ms | ActiveRecord: 2.7ms)


Started GET "/transactions/" for 154.76.200.117 at 2017-12-21 11:33:04 +0000
Cannot render console from 154.76.200.117! Allowed networks: 127.0.0.1, ::1, 127.0.0.0/127.255.255.255
Processing by TransactionsController#index as HTML
  [1m[35mUser Load (0.5ms)[0m  SELECT  `users`.* FROM `users` WHERE `users`.`id` = 1  ORDER BY `users`.`id` ASC LIMIT 1
  [1m[36mTransaction Load (0.2ms)[0m  [1mSELECT `transactions`.* FROM `transactions`[0m
  Rendered transactions/index.html.erb within layouts/application (0.7ms)
  Rendered layouts/_navbar.html.erb (0.3ms)
  Rendered layouts/_title.html.erb (0.1ms)
  Rendered layouts/_messages.html.erb (0.1ms)
Completed 200 OK in 167ms (Views: 163.8ms | ActiveRecord: 0.7ms)


Started GET "/transactions/new" for 154.76.200.117 at 2017-12-21 11:33:11 +0000
Cannot render console from 154.76.200.117! Allowed networks: 127.0.0.1, ::1, 127.0.0.0/127.255.255.255
Processing by TransactionsController#new as HTML
  [1m[35mUser Load (1.1ms)[0m  SELECT  `users`.* FROM `users` WHERE `users`.`id` = 1  ORDER BY `users`.`id` ASC LIMIT 1
  [1m[36mTenant Load (0.6ms)[0m  [1mSELECT `tenants`.* FROM `tenants`[0m
  Rendered transactions/new.html.erb within layouts/application (3.2ms)
  Rendered layouts/_navbar.html.erb (0.5ms)
  Rendered layouts/_title.html.erb (0.1ms)
  Rendered layouts/_messages.html.erb (0.1ms)
Completed 200 OK in 234ms (Views: 203.2ms | ActiveRecord: 2.4ms)


Started GET "/transactions/new" for 182.185.254.38 at 2017-12-21 11:39:33 +0000
Cannot render console from 182.185.254.38! Allowed networks: 127.0.0.1, ::1, 127.0.0.0/127.255.255.255
Processing by TransactionsController#new as HTML
Completed 401 Unauthorized in 2ms (ActiveRecord: 0.0ms)


Started GET "/session/login" for 182.185.254.38 at 2017-12-21 11:39:39 +0000
Cannot render console from 182.185.254.38! Allowed networks: 127.0.0.1, ::1, 127.0.0.0/127.255.255.255
Processing by Devise::SessionsController#new as HTML
  Rendered devise/sessions/new.html.erb within layouts/devise (3.6ms)
Completed 200 OK in 181ms (Views: 177.2ms | ActiveRecord: 0.0ms)


Started GET "/" for 196.97.138.240 at 2017-12-21 18:17:57 +0000
Cannot render console from 196.97.138.240! Allowed networks: 127.0.0.1, ::1, 127.0.0.0/127.255.255.255
  [1m[36mActiveRecord::SchemaMigration Load (0.5ms)[0m  [1mSELECT `schema_migrations`.* FROM `schema_migrations`[0m
Processing by HomeController#index as HTML
  [1m[35mUser Load (0.7ms)[0m  SELECT  `users`.* FROM `users` WHERE `users`.`id` = 1  ORDER BY `users`.`id` ASC LIMIT 1
  Rendered home/index.html.erb within layouts/application (1.9ms)
  Rendered layouts/_navbar.html.erb (1.4ms)
  Rendered layouts/_title.html.erb (0.4ms)
  Rendered layouts/_messages.html.erb (0.7ms)
Completed 200 OK in 860ms (Views: 814.7ms | ActiveRecord: 2.2ms)


Started GET "/tenants/" for 105.231.151.212 at 2017-12-22 07:23:22 +0000
Cannot render console from 105.231.151.212! Allowed networks: 127.0.0.1, ::1, 127.0.0.0/127.255.255.255
  [1m[36mActiveRecord::SchemaMigration Load (0.7ms)[0m  [1mSELECT `schema_migrations`.* FROM `schema_migrations`[0m
Processing by TenantsController#index as HTML
  [1m[35mUser Load (0.5ms)[0m  SELECT  `users`.* FROM `users` WHERE `users`.`id` = 1  ORDER BY `users`.`id` ASC LIMIT 1
  [1m[36mTenant Load (0.5ms)[0m  [1mSELECT `tenants`.* FROM `tenants`[0m
  Rendered tenants/index.html.erb within layouts/application (12.0ms)
  Rendered layouts/_navbar.html.erb (1.6ms)
  Rendered layouts/_title.html.erb (0.8ms)
  Rendered layouts/_messages.html.erb (1.1ms)
Completed 200 OK in 1024ms (Views: 968.7ms | ActiveRecord: 3.1ms)


Started GET "/transactions/" for 105.231.151.212 at 2017-12-22 07:24:01 +0000
Cannot render console from 105.231.151.212! Allowed networks: 127.0.0.1, ::1, 127.0.0.0/127.255.255.255
Processing by TransactionsController#index as HTML
  [1m[35mUser Load (1.5ms)[0m  SELECT  `users`.* FROM `users` WHERE `users`.`id` = 1  ORDER BY `users`.`id` ASC LIMIT 1
  [1m[36mTransaction Load (0.8ms)[0m  [1mSELECT `transactions`.* FROM `transactions`[0m
  Rendered transactions/index.html.erb within layouts/application (4.6ms)
  Rendered layouts/_navbar.html.erb (0.6ms)
  Rendered layouts/_title.html.erb (0.1ms)
  Rendered layouts/_messages.html.erb (0.1ms)
Completed 200 OK in 202ms (Views: 185.1ms | ActiveRecord: 3.2ms)


Started GET "/transactions/new" for 105.231.151.212 at 2017-12-22 07:24:07 +0000
Cannot render console from 105.231.151.212! Allowed networks: 127.0.0.1, ::1, 127.0.0.0/127.255.255.255
Processing by TransactionsController#new as HTML
  [1m[35mUser Load (1.4ms)[0m  SELECT  `users`.* FROM `users` WHERE `users`.`id` = 1  ORDER BY `users`.`id` ASC LIMIT 1
  [1m[36mTenant Load (0.4ms)[0m  [1mSELECT `tenants`.* FROM `tenants`[0m
  Rendered transactions/new.html.erb within layouts/application (2.9ms)
  Rendered layouts/_navbar.html.erb (0.4ms)
  Rendered layouts/_title.html.erb (0.1ms)
  Rendered layouts/_messages.html.erb (0.1ms)
Completed 200 OK in 197ms (Views: 187.8ms | ActiveRecord: 1.8ms)


Started GET "/transactions/search?utf8=%E2%9C%93&search=3685&commit=Search" for 105.231.151.212 at 2017-12-22 07:24:11 +0000
Cannot render console from 105.231.151.212! Allowed networks: 127.0.0.1, ::1, 127.0.0.0/127.255.255.255
Processing by TransactionsController#search as JS
  Parameters: {"utf8"=>"✓", "search"=>"3685", "commit"=>"Search"}
  [1m[35mUser Load (1.4ms)[0m  SELECT  `users`.* FROM `users` WHERE `users`.`id` = 1  ORDER BY `users`.`id` ASC LIMIT 1
  [1m[36mTenant Load (0.4ms)[0m  [1mSELECT  `tenants`.* FROM `tenants` WHERE `tenants`.`id` = 3685  ORDER BY `tenants`.`id` ASC LIMIT 1[0m
  [1m[35mTransaction Load (0.4ms)[0m  SELECT  `transactions`.* FROM `transactions` WHERE `transactions`.`tenant_id` = 3685  ORDER BY `transactions`.`id` DESC LIMIT 1
  Rendered transactions/search.js.erb (1.1ms)
Completed 200 OK in 44ms (Views: 11.9ms | ActiveRecord: 2.6ms)


Started GET "/transactions/search?utf8=%E2%9C%93&search=3686&commit=Search" for 105.231.151.212 at 2017-12-22 07:24:20 +0000
Cannot render console from 105.231.151.212! Allowed networks: 127.0.0.1, ::1, 127.0.0.0/127.255.255.255
Processing by TransactionsController#search as JS
  Parameters: {"utf8"=>"✓", "search"=>"3686", "commit"=>"Search"}
  [1m[36mUser Load (2.0ms)[0m  [1mSELECT  `users`.* FROM `users` WHERE `users`.`id` = 1  ORDER BY `users`.`id` ASC LIMIT 1[0m
  [1m[35mTenant Load (0.5ms)[0m  SELECT  `tenants`.* FROM `tenants` WHERE `tenants`.`id` = 3686  ORDER BY `tenants`.`id` ASC LIMIT 1
  [1m[36mTransaction Load (0.4ms)[0m  [1mSELECT  `transactions`.* FROM `transactions` WHERE `transactions`.`tenant_id` = 3686  ORDER BY `transactions`.`id` DESC LIMIT 1[0m
  Rendered transactions/search.js.erb (0.1ms)
Completed 200 OK in 22ms (Views: 7.0ms | ActiveRecord: 2.8ms)


Started GET "/transactions/search?utf8=%E2%9C%93&search=3686&commit=Search" for 105.231.151.212 at 2017-12-22 07:24:26 +0000
Cannot render console from 105.231.151.212! Allowed networks: 127.0.0.1, ::1, 127.0.0.0/127.255.255.255
Processing by TransactionsController#search as JS
  Parameters: {"utf8"=>"✓", "search"=>"3686", "commit"=>"Search"}
  [1m[35mUser Load (1.3ms)[0m  SELECT  `users`.* FROM `users` WHERE `users`.`id` = 1  ORDER BY `users`.`id` ASC LIMIT 1
  [1m[36mTenant Load (0.3ms)[0m  [1mSELECT  `tenants`.* FROM `tenants` WHERE `tenants`.`id` = 3686  ORDER BY `tenants`.`id` ASC LIMIT 1[0m
  [1m[35mTransaction Load (0.3ms)[0m  SELECT  `transactions`.* FROM `transactions` WHERE `transactions`.`tenant_id` = 3686  ORDER BY `transactions`.`id` DESC LIMIT 1
  Rendered transactions/search.js.erb (0.1ms)
Completed 200 OK in 17ms (Views: 6.8ms | ActiveRecord: 2.0ms)


Started GET "/transactions/search?utf8=%E2%9C%93&search=3685&commit=Search" for 105.231.151.212 at 2017-12-22 08:37:33 +0000
Cannot render console from 105.231.151.212! Allowed networks: 127.0.0.1, ::1, 127.0.0.0/127.255.255.255
Processing by TransactionsController#search as JS
  Parameters: {"utf8"=>"✓", "search"=>"3685", "commit"=>"Search"}
  [1m[36mUser Load (2.0ms)[0m  [1mSELECT  `users`.* FROM `users` WHERE `users`.`id` = 1  ORDER BY `users`.`id` ASC LIMIT 1[0m
  [1m[35mTenant Load (0.4ms)[0m  SELECT  `tenants`.* FROM `tenants` WHERE `tenants`.`id` = 3685  ORDER BY `tenants`.`id` ASC LIMIT 1
  [1m[36mTransaction Load (0.7ms)[0m  [1mSELECT  `transactions`.* FROM `transactions` WHERE `transactions`.`tenant_id` = 3685  ORDER BY `transactions`.`id` DESC LIMIT 1[0m
  Rendered transactions/search.js.erb (5.5ms)
Completed 500 Internal Server Error in 58ms (ActiveRecord: 3.1ms)

ActionView::Template::Error (missing attribute: date):
    1: <% if @transaction.present? %>
    2:   $("#trans-account-no").val("<%= @tenant.id %>");
    3:   $("#trans-date").val("<%= @transaction.date %>");
    4:   $("#trans-full-name").val("<%= @tenant.full_name %>");
    5:   $("#trans-plot").val("<%= @transaction.property.plot_no if (@transaction.property.present?) %>");
    6:   $("#trans-unit-name").val("<%= @tenant.houses.first.unit_name if (@tenant.houses.present?) %>");
  app/views/transactions/search.js.erb:3:in `_app_views_transactions_search_js_erb__670363261391749612_46998023007760'




Started GET "/transactions/new" for 105.231.151.212 at 2017-12-22 08:38:43 +0000
Cannot render console from 105.231.151.212! Allowed networks: 127.0.0.1, ::1, 127.0.0.0/127.255.255.255
  [1m[36mActiveRecord::SchemaMigration Load (0.6ms)[0m  [1mSELECT `schema_migrations`.* FROM `schema_migrations`[0m
Processing by TransactionsController#new as HTML
  [1m[35mUser Load (0.6ms)[0m  SELECT  `users`.* FROM `users` WHERE `users`.`id` = 1  ORDER BY `users`.`id` ASC LIMIT 1
  [1m[36mTenant Load (0.4ms)[0m  [1mSELECT `tenants`.* FROM `tenants`[0m
  Rendered transactions/new.html.erb within layouts/application (3.2ms)
  Rendered layouts/_navbar.html.erb (1.2ms)
  Rendered layouts/_title.html.erb (0.3ms)
  Rendered layouts/_messages.html.erb (0.5ms)
Completed 200 OK in 671ms (Views: 602.3ms | ActiveRecord: 3.2ms)


Started GET "/transactions/search?utf8=%E2%9C%93&search=3685&commit=Search" for 105.231.151.212 at 2017-12-22 08:38:51 +0000
Cannot render console from 105.231.151.212! Allowed networks: 127.0.0.1, ::1, 127.0.0.0/127.255.255.255
Processing by TransactionsController#search as JS
  Parameters: {"utf8"=>"✓", "search"=>"3685", "commit"=>"Search"}
  [1m[35mUser Load (1.5ms)[0m  SELECT  `users`.* FROM `users` WHERE `users`.`id` = 1  ORDER BY `users`.`id` ASC LIMIT 1
  [1m[36mTenant Load (0.4ms)[0m  [1mSELECT  `tenants`.* FROM `tenants` WHERE `tenants`.`id` = 3685  ORDER BY `tenants`.`id` ASC LIMIT 1[0m
  [1m[35mTransaction Load (0.4ms)[0m  SELECT  `transactions`.* FROM `transactions` WHERE `transactions`.`tenant_id` = '3685'  ORDER BY `transactions`.`id` DESC LIMIT 1
  Rendered transactions/search.js.erb (8.3ms)
Completed 500 Internal Server Error in 66ms (ActiveRecord: 3.7ms)

ActionView::Template::Error (undefined method `date' for #<Transaction:0x00558101df27d0>
Did you mean?  update):
    1: <% if @transaction.present? %>
    2:   $("#trans-account-no").val("<%= @tenant.id %>");
    3:   $("#trans-date").val("<%= @transaction.date %>");
    4:   $("#trans-full-name").val("<%= @tenant.full_name %>");
    5:   $("#trans-plot").val("<%= @transaction.property.plot_no if (@transaction.property.present?) %>");
    6:   $("#trans-unit-name").val("<%= @tenant.houses.first.unit_name if (@tenant.houses.present?) %>");
  app/views/transactions/search.js.erb:3:in `_app_views_transactions_search_js_erb__3141431544583025887_47006260566720'


  Rendered /root/.rbenv/versions/2.3.0/lib/ruby/gems/2.3.0/gems/actionpack-4.2.9/lib/action_dispatch/middleware/templates/rescues/_trace.text.erb (0.8ms)
  Rendered /root/.rbenv/versions/2.3.0/lib/ruby/gems/2.3.0/gems/actionpack-4.2.9/lib/action_dispatch/middleware/templates/rescues/_request_and_response.text.erb (0.8ms)
  Rendered /root/.rbenv/versions/2.3.0/lib/ruby/gems/2.3.0/gems/actionpack-4.2.9/lib/action_dispatch/middleware/templates/rescues/template_error.text.erb (11.6ms)


Started GET "/transactions/search?utf8=%E2%9C%93&search=3685&commit=Search" for 105.231.151.212 at 2017-12-22 08:38:56 +0000
Cannot render console from 105.231.151.212! Allowed networks: 127.0.0.1, ::1, 127.0.0.0/127.255.255.255
Processing by TransactionsController#search as JS
  Parameters: {"utf8"=>"✓", "search"=>"3685", "commit"=>"Search"}
  [1m[36mUser Load (1.4ms)[0m  [1mSELECT  `users`.* FROM `users` WHERE `users`.`id` = 1  ORDER BY `users`.`id` ASC LIMIT 1[0m
  [1m[35mTenant Load (0.4ms)[0m  SELECT  `tenants`.* FROM `tenants` WHERE `tenants`.`id` = 3685  ORDER BY `tenants`.`id` ASC LIMIT 1
  [1m[36mTransaction Load (0.4ms)[0m  [1mSELECT  `transactions`.* FROM `transactions` WHERE `transactions`.`tenant_id` = '3685'  ORDER BY `transactions`.`id` DESC LIMIT 1[0m
  Rendered transactions/search.js.erb (9.6ms)
Completed 500 Internal Server Error in 28ms (ActiveRecord: 2.2ms)

ActionView::Template::Error (undefined method `date' for #<Transaction:0x0055810213da48>
Did you mean?  update):
    1: <% if @transaction.present? %>
    2:   $("#trans-account-no").val("<%= @tenant.id %>");
    3:   $("#trans-date").val("<%= @transaction.date %>");
    4:   $("#trans-full-name").val("<%= @tenant.full_name %>");
    5:   $("#trans-plot").val("<%= @transaction.property.plot_no if (@transaction.property.present?) %>");
    6:   $("#trans-unit-name").val("<%= @tenant.houses.first.unit_name if (@tenant.houses.present?) %>");
  app/views/transactions/search.js.erb:3:in `_app_views_transactions_search_js_erb__3141431544583025887_47006260566720'


  Rendered /root/.rbenv/versions/2.3.0/lib/ruby/gems/2.3.0/gems/actionpack-4.2.9/lib/action_dispatch/middleware/templates/rescues/_trace.text.erb (0.6ms)
  Rendered /root/.rbenv/versions/2.3.0/lib/ruby/gems/2.3.0/gems/actionpack-4.2.9/lib/action_dispatch/middleware/templates/rescues/_request_and_response.text.erb (0.8ms)
  Rendered /root/.rbenv/versions/2.3.0/lib/ruby/gems/2.3.0/gems/actionpack-4.2.9/lib/action_dispatch/middleware/templates/rescues/template_error.text.erb (10.8ms)


Started GET "/transactions/search?utf8=%E2%9C%93&search=3685&commit=Search" for 105.231.151.212 at 2017-12-22 08:38:57 +0000
Cannot render console from 105.231.151.212! Allowed networks: 127.0.0.1, ::1, 127.0.0.0/127.255.255.255
Processing by TransactionsController#search as JS
  Parameters: {"utf8"=>"✓", "search"=>"3685", "commit"=>"Search"}
  [1m[35mUser Load (0.3ms)[0m  SELECT  `users`.* FROM `users` WHERE `users`.`id` = 1  ORDER BY `users`.`id` ASC LIMIT 1
  [1m[36mTenant Load (0.2ms)[0m  [1mSELECT  `tenants`.* FROM `tenants` WHERE `tenants`.`id` = 3685  ORDER BY `tenants`.`id` ASC LIMIT 1[0m
  [1m[35mTransaction Load (0.3ms)[0m  SELECT  `transactions`.* FROM `transactions` WHERE `transactions`.`tenant_id` = '3685'  ORDER BY `transactions`.`id` DESC LIMIT 1
  Rendered transactions/search.js.erb (7.4ms)
Completed 500 Internal Server Error in 16ms (ActiveRecord: 0.8ms)

ActionView::Template::Error (undefined method `date' for #<Transaction:0x00558101c71c80>
Did you mean?  update):
    1: <% if @transaction.present? %>
    2:   $("#trans-account-no").val("<%= @tenant.id %>");
    3:   $("#trans-date").val("<%= @transaction.date %>");
    4:   $("#trans-full-name").val("<%= @tenant.full_name %>");
    5:   $("#trans-plot").val("<%= @transaction.property.plot_no if (@transaction.property.present?) %>");
    6:   $("#trans-unit-name").val("<%= @tenant.houses.first.unit_name if (@tenant.houses.present?) %>");
  app/views/transactions/search.js.erb:3:in `_app_views_transactions_search_js_erb__3141431544583025887_47006260566720'


  Rendered /root/.rbenv/versions/2.3.0/lib/ruby/gems/2.3.0/gems/actionpack-4.2.9/lib/action_dispatch/middleware/templates/rescues/_trace.text.erb (0.7ms)
  Rendered /root/.rbenv/versions/2.3.0/lib/ruby/gems/2.3.0/gems/actionpack-4.2.9/lib/action_dispatch/middleware/templates/rescues/_request_and_response.text.erb (0.8ms)
  Rendered /root/.rbenv/versions/2.3.0/lib/ruby/gems/2.3.0/gems/actionpack-4.2.9/lib/action_dispatch/middleware/templates/rescues/template_error.text.erb (10.5ms)


Started GET "/transactions/search?utf8=%E2%9C%93&search=3685&commit=Search" for 105.231.151.212 at 2017-12-22 08:38:57 +0000
Cannot render console from 105.231.151.212! Allowed networks: 127.0.0.1, ::1, 127.0.0.0/127.255.255.255
Processing by TransactionsController#search as JS
  Parameters: {"utf8"=>"✓", "search"=>"3685", "commit"=>"Search"}
  [1m[36mUser Load (0.4ms)[0m  [1mSELECT  `users`.* FROM `users` WHERE `users`.`id` = 1  ORDER BY `users`.`id` ASC LIMIT 1[0m
  [1m[35mTenant Load (0.2ms)[0m  SELECT  `tenants`.* FROM `tenants` WHERE `tenants`.`id` = 3685  ORDER BY `tenants`.`id` ASC LIMIT 1
  [1m[36mTransaction Load (0.2ms)[0m  [1mSELECT  `transactions`.* FROM `transactions` WHERE `transactions`.`tenant_id` = '3685'  ORDER BY `transactions`.`id` DESC LIMIT 1[0m
  Rendered transactions/search.js.erb (6.2ms)
Completed 500 Internal Server Error in 15ms (ActiveRecord: 0.8ms)

ActionView::Template::Error (undefined method `date' for #<Transaction:0x005581011a2160>
Did you mean?  update):
    1: <% if @transaction.present? %>
    2:   $("#trans-account-no").val("<%= @tenant.id %>");
    3:   $("#trans-date").val("<%= @transaction.date %>");
    4:   $("#trans-full-name").val("<%= @tenant.full_name %>");
    5:   $("#trans-plot").val("<%= @transaction.property.plot_no if (@transaction.property.present?) %>");
    6:   $("#trans-unit-name").val("<%= @tenant.houses.first.unit_name if (@tenant.houses.present?) %>");
  app/views/transactions/search.js.erb:3:in `_app_views_transactions_search_js_erb__3141431544583025887_47006260566720'


  Rendered /root/.rbenv/versions/2.3.0/lib/ruby/gems/2.3.0/gems/actionpack-4.2.9/lib/action_dispatch/middleware/templates/rescues/_trace.text.erb (0.7ms)
  Rendered /root/.rbenv/versions/2.3.0/lib/ruby/gems/2.3.0/gems/actionpack-4.2.9/lib/action_dispatch/middleware/templates/rescues/_request_and_response.text.erb (0.9ms)
  Rendered /root/.rbenv/versions/2.3.0/lib/ruby/gems/2.3.0/gems/actionpack-4.2.9/lib/action_dispatch/middleware/templates/rescues/template_error.text.erb (10.3ms)


Started GET "/transactions/search?utf8=%E2%9C%93&search=3685&commit=Search" for 105.231.151.212 at 2017-12-22 08:38:58 +0000
Cannot render console from 105.231.151.212! Allowed networks: 127.0.0.1, ::1, 127.0.0.0/127.255.255.255
Processing by TransactionsController#search as JS
  Parameters: {"utf8"=>"✓", "search"=>"3685", "commit"=>"Search"}
  [1m[35mUser Load (0.4ms)[0m  SELECT  `users`.* FROM `users` WHERE `users`.`id` = 1  ORDER BY `users`.`id` ASC LIMIT 1
  [1m[36mTenant Load (0.2ms)[0m  [1mSELECT  `tenants`.* FROM `tenants` WHERE `tenants`.`id` = 3685  ORDER BY `tenants`.`id` ASC LIMIT 1[0m
  [1m[35mTransaction Load (0.2ms)[0m  SELECT  `transactions`.* FROM `transactions` WHERE `transactions`.`tenant_id` = '3685'  ORDER BY `transactions`.`id` DESC LIMIT 1
  Rendered transactions/search.js.erb (6.4ms)
Completed 500 Internal Server Error in 15ms (ActiveRecord: 0.8ms)

ActionView::Template::Error (undefined method `date' for #<Transaction:0x005580fcc07a88>
Did you mean?  update):
    1: <% if @transaction.present? %>
    2:   $("#trans-account-no").val("<%= @tenant.id %>");
    3:   $("#trans-date").val("<%= @transaction.date %>");
    4:   $("#trans-full-name").val("<%= @tenant.full_name %>");
    5:   $("#trans-plot").val("<%= @transaction.property.plot_no if (@transaction.property.present?) %>");
    6:   $("#trans-unit-name").val("<%= @tenant.houses.first.unit_name if (@tenant.houses.present?) %>");
  app/views/transactions/search.js.erb:3:in `_app_views_transactions_search_js_erb__3141431544583025887_47006260566720'


  Rendered /root/.rbenv/versions/2.3.0/lib/ruby/gems/2.3.0/gems/actionpack-4.2.9/lib/action_dispatch/middleware/templates/rescues/_trace.text.erb (0.7ms)
  Rendered /root/.rbenv/versions/2.3.0/lib/ruby/gems/2.3.0/gems/actionpack-4.2.9/lib/action_dispatch/middleware/templates/rescues/_request_and_response.text.erb (0.8ms)
  Rendered /root/.rbenv/versions/2.3.0/lib/ruby/gems/2.3.0/gems/actionpack-4.2.9/lib/action_dispatch/middleware/templates/rescues/template_error.text.erb (10.1ms)


Started GET "/transactions/search?utf8=%E2%9C%93&search=3686&commit=Search" for 105.231.151.212 at 2017-12-22 08:39:00 +0000
Cannot render console from 105.231.151.212! Allowed networks: 127.0.0.1, ::1, 127.0.0.0/127.255.255.255
Processing by TransactionsController#search as JS
  Parameters: {"utf8"=>"✓", "search"=>"3686", "commit"=>"Search"}
  [1m[36mUser Load (1.9ms)[0m  [1mSELECT  `users`.* FROM `users` WHERE `users`.`id` = 1  ORDER BY `users`.`id` ASC LIMIT 1[0m
  [1m[35mTenant Load (0.5ms)[0m  SELECT  `tenants`.* FROM `tenants` WHERE `tenants`.`id` = 3686  ORDER BY `tenants`.`id` ASC LIMIT 1
  [1m[36mTransaction Load (0.5ms)[0m  [1mSELECT  `transactions`.* FROM `transactions` WHERE `transactions`.`tenant_id` = '3686'  ORDER BY `transactions`.`id` DESC LIMIT 1[0m
  Rendered transactions/search.js.erb (16.3ms)
Completed 500 Internal Server Error in 40ms (ActiveRecord: 2.9ms)

ActionView::Template::Error (undefined method `date' for #<Transaction:0x005581019f0c90>
Did you mean?  update):
    1: <% if @transaction.present? %>
    2:   $("#trans-account-no").val("<%= @tenant.id %>");
    3:   $("#trans-date").val("<%= @transaction.date %>");
    4:   $("#trans-full-name").val("<%= @tenant.full_name %>");
    5:   $("#trans-plot").val("<%= @transaction.property.plot_no if (@transaction.property.present?) %>");
    6:   $("#trans-unit-name").val("<%= @tenant.houses.first.unit_name if (@tenant.houses.present?) %>");
  app/views/transactions/search.js.erb:3:in `_app_views_transactions_search_js_erb__3141431544583025887_47006260566720'


  Rendered /root/.rbenv/versions/2.3.0/lib/ruby/gems/2.3.0/gems/actionpack-4.2.9/lib/action_dispatch/middleware/templates/rescues/_trace.text.erb (0.8ms)
  Rendered /root/.rbenv/versions/2.3.0/lib/ruby/gems/2.3.0/gems/actionpack-4.2.9/lib/action_dispatch/middleware/templates/rescues/_request_and_response.text.erb (0.9ms)
  Rendered /root/.rbenv/versions/2.3.0/lib/ruby/gems/2.3.0/gems/actionpack-4.2.9/lib/action_dispatch/middleware/templates/rescues/template_error.text.erb (11.4ms)


Started GET "/transactions/search?utf8=%E2%9C%93&search=3686&commit=Search" for 105.231.151.212 at 2017-12-22 08:39:17 +0000
Cannot render console from 105.231.151.212! Allowed networks: 127.0.0.1, ::1, 127.0.0.0/127.255.255.255
Processing by TransactionsController#search as JS
  Parameters: {"utf8"=>"✓", "search"=>"3686", "commit"=>"Search"}
  [1m[35mUser Load (1.4ms)[0m  SELECT  `users`.* FROM `users` WHERE `users`.`id` = 1  ORDER BY `users`.`id` ASC LIMIT 1
  [1m[36mTenant Load (0.4ms)[0m  [1mSELECT  `tenants`.* FROM `tenants` WHERE `tenants`.`id` = 3686  ORDER BY `tenants`.`id` ASC LIMIT 1[0m
  [1m[35mTransaction Load (0.4ms)[0m  SELECT  `transactions`.* FROM `transactions` WHERE `transactions`.`tenant_id` = '3686'  ORDER BY `transactions`.`id` DESC LIMIT 1
  Rendered transactions/search.js.erb (10.0ms)
Completed 500 Internal Server Error in 28ms (ActiveRecord: 2.2ms)

ActionView::Template::Error (undefined method `date' for #<Transaction:0x00558101ff04b0>
Did you mean?  update):
    1: <% if @transaction.present? %>
    2:   $("#trans-account-no").val("<%= @tenant.id %>");
    3:   $("#trans-date").val("<%= @transaction.date %>");
    4:   $("#trans-full-name").val("<%= @tenant.full_name %>");
    5:   $("#trans-plot").val("<%= @transaction.property.plot_no if (@transaction.property.present?) %>");
    6:   $("#trans-unit-name").val("<%= @tenant.houses.first.unit_name if (@tenant.houses.present?) %>");
  app/views/transactions/search.js.erb:3:in `_app_views_transactions_search_js_erb__3141431544583025887_47006260566720'


  Rendered /root/.rbenv/versions/2.3.0/lib/ruby/gems/2.3.0/gems/actionpack-4.2.9/lib/action_dispatch/middleware/templates/rescues/_trace.text.erb (0.8ms)
  Rendered /root/.rbenv/versions/2.3.0/lib/ruby/gems/2.3.0/gems/actionpack-4.2.9/lib/action_dispatch/middleware/templates/rescues/_request_and_response.text.erb (0.9ms)
  Rendered /root/.rbenv/versions/2.3.0/lib/ruby/gems/2.3.0/gems/actionpack-4.2.9/lib/action_dispatch/middleware/templates/rescues/template_error.text.erb (10.8ms)


Started GET "/transactions/new" for 105.231.151.212 at 2017-12-22 08:55:48 +0000
Cannot render console from 105.231.151.212! Allowed networks: 127.0.0.1, ::1, 127.0.0.0/127.255.255.255
Processing by TransactionsController#new as HTML
  [1m[36mUser Load (2.0ms)[0m  [1mSELECT  `users`.* FROM `users` WHERE `users`.`id` = 1  ORDER BY `users`.`id` ASC LIMIT 1[0m
  [1m[35mTenant Load (0.5ms)[0m  SELECT `tenants`.* FROM `tenants`
  Rendered transactions/new.html.erb within layouts/application (1.1ms)
  Rendered layouts/_navbar.html.erb (0.5ms)
  Rendered layouts/_title.html.erb (0.1ms)
  Rendered layouts/_messages.html.erb (0.1ms)
Completed 200 OK in 288ms (Views: 277.3ms | ActiveRecord: 2.5ms)

ActionView::Template::Error (Mysql2::Error: Unknown column 'houses.tenant_id' in 'where clause': SELECT `houses`.* FROM `houses` WHERE `houses`.`tenant_id` = 3686):
    3:   $("#trans-date").val("<%= @transaction.updated_at %>");
    4:   $("#trans-full-name").val("<%= @tenant.full_name %>");
    5:   $("#trans-plot").val("<%= @transaction.property.plot_no if (@transaction.property.present?) %>");
    6:   $("#trans-unit-name").val("<%= @tenant.houses.first.unit_name if (@tenant.houses.present?) %>");
    7:   $("#trans-rent-payable").val("<%= @tenant.houses.order(:id).last.rent_payable if @tenant.houses.present? %>");
    8:   $("#trans-current-month").val("<%= @transaction.month %>");
    9:   $("#trans-arrears").val("<%= @tenant.arrears.last.amount if @tenant.arrears.last %>");
  app/views/transactions/search.js.erb:6:in `_app_views_transactions_search_js_erb__3141431544583025887_47006276758400'



ActionView::Template::Error (Mysql2::Error: Unknown column 'houses.tenant_id' in 'where clause': SELECT `houses`.* FROM `houses` WHERE `houses`.`tenant_id` = 3686):
    3:   $("#trans-date").val("<%= @transaction.updated_at %>");
    4:   $("#trans-full-name").val("<%= @tenant.full_name %>");
    5:   $("#trans-plot").val("<%= @transaction.property.plot_no if (@transaction.property.present?) %>");
    6:   $("#trans-unit-name").val("<%= @tenant.houses.first.unit_name if (@tenant.houses.present?) %>");
    7:   $("#trans-rent-payable").val("<%= @tenant.houses.order(:id).last.rent_payable if @tenant.houses.present? %>");
    8:   $("#trans-current-month").val("<%= @transaction.month %>");
    9:   $("#trans-arrears").val("<%= @tenant.arrears.last.amount if @tenant.arrears.last %>");
  app/views/transactions/search.js.erb:6:in `_app_views_transactions_search_js_erb__3141431544583025887_47006276758400'



ActionView::Template::Error (Mysql2::Error: Unknown column 'houses.tenant_id' in 'where clause': SELECT `houses`.* FROM `houses` WHERE `houses`.`tenant_id` = 3686):
    3:   $("#trans-date").val("<%= @transaction.updated_at %>");
    4:   $("#trans-full-name").val("<%= @tenant.full_name %>");
    5:   $("#trans-plot").val("<%= @transaction.property.plot_no if (@transaction.property.present?) %>");
    6:   $("#trans-unit-name").val("<%= @tenant.houses.first.unit_name if (@tenant.houses.present?) %>");
    7:   $("#trans-rent-payable").val("<%= @tenant.houses.order(:id).last.rent_payable if @tenant.houses.present? %>");
    8:   $("#trans-current-month").val("<%= @transaction.month %>");
    9:   $("#trans-arrears").val("<%= @tenant.arrears.last.amount if @tenant.arrears.last %>");
  app/views/transactions/search.js.erb:6:in `_app_views_transactions_search_js_erb__3141431544583025887_47006276758400'



ActionView::Template::Error (Mysql2::Error: Unknown column 'houses.tenant_id' in 'where clause': SELECT `houses`.* FROM `houses` WHERE `houses`.`tenant_id` = 3685):
    3:   $("#trans-date").val("<%= @transaction.updated_at %>");
    4:   $("#trans-full-name").val("<%= @tenant.full_name %>");
    5:   $("#trans-plot").val("<%= @transaction.property.plot_no if (@transaction.property.present?) %>");
    6:   $("#trans-unit-name").val("<%= @tenant.houses.first.unit_name if (@tenant.houses.present?) %>");
    7:   $("#trans-rent-payable").val("<%= @tenant.houses.order(:id).last.rent_payable if @tenant.houses.present? %>");
    8:   $("#trans-current-month").val("<%= @transaction.month %>");
    9:   $("#trans-arrears").val("<%= @tenant.arrears.last.amount if @tenant.arrears.last %>");
  app/views/transactions/search.js.erb:6:in `_app_views_transactions_search_js_erb__3141431544583025887_47006276758400'



ActionView::Template::Error (Mysql2::Error: Unknown column 'houses.tenant_id' in 'where clause': SELECT `houses`.* FROM `houses` WHERE `houses`.`tenant_id` = 3685):
    3:   $("#trans-date").val("<%= @transaction.created_at %>");
    4:   $("#trans-full-name").val("<%= @tenant.full_name %>");
    5:   $("#trans-plot").val("<%= @transaction.property.plot_no if (@transaction.property.present?) %>");
    6:   $("#trans-unit-name").val("<%= @tenant.houses.first.unit_name if (@tenant.houses.present?) %>");
    7:   $("#trans-rent-payable").val("<%= @tenant.houses.order(:id).last.rent_payable if @tenant.houses.present? %>");
    8:   $("#trans-current-month").val("<%= @transaction.month %>");
    9:   $("#trans-arrears").val("<%= @tenant.arrears.last.amount if @tenant.arrears.last %>");
  app/views/transactions/search.js.erb:6:in `_app_views_transactions_search_js_erb__3141431544583025887_47006240748740'



ActionView::Template::Error (Mysql2::Error: Unknown column 'houses.tenant_id' in 'where clause': SELECT `houses`.* FROM `houses` WHERE `houses`.`tenant_id` = 3685):
    3:   $("#trans-date").val("<%= @transaction.created_at %>");
    4:   $("#trans-full-name").val("<%= @tenant.full_name %>");
    5:   $("#trans-plot").val("<%= @transaction.property.plot_no if (@transaction.property.present?) %>");
    6:   $("#trans-unit-name").val("<%= @tenant.houses.first.unit_name if (@tenant.houses.present?) %>");
    7:   $("#trans-rent-payable").val("<%= @tenant.houses.order(:id).last.rent_payable if @tenant.houses.present? %>");
    8:   $("#trans-current-month").val("<%= @transaction.month %>");
    9:   $("#trans-arrears").val("<%= @tenant.arrears.last.amount if @tenant.arrears.last %>");
  app/views/transactions/search.js.erb:6:in `_app_views_transactions_search_js_erb__3141431544583025887_47006240748740'



ActionView::Template::Error (Mysql2::Error: Unknown column 'houses.tenant_id' in 'where clause': SELECT `houses`.* FROM `houses` WHERE `houses`.`tenant_id` = 3685):
    3:   $("#trans-date").val("<%= @transaction.created_at %>");
    4:   $("#trans-full-name").val("<%= @tenant.full_name %>");
    5:   $("#trans-plot").val("<%= @transaction.property.plot_no if (@transaction.property.present?) %>");
    6:   $("#trans-unit-name").val("<%= @tenant.houses.first.unit_name if (@tenant.houses.present?) %>");
    7:   $("#trans-rent-payable").val("<%= @tenant.houses.order(:id).last.rent_payable if @tenant.houses.present? %>");
    8:   $("#trans-current-month").val("<%= @transaction.month %>");
    9:   $("#trans-arrears").val("<%= @tenant.arrears.last.amount if @tenant.arrears.last %>");
  app/views/transactions/search.js.erb:6:in `_app_views_transactions_search_js_erb__3141431544583025887_47006240748740'



ActionView::Template::Error (Mysql2::Error: Unknown column 'houses.tenant_id' in 'where clause': SELECT `houses`.* FROM `houses` WHERE `houses`.`tenant_id` = 3685):
    3:   $("#trans-date").val("<%= @transaction.created_at %>");
    4:   $("#trans-full-name").val("<%= @tenant.full_name %>");
    5:   $("#trans-plot").val("<%= @transaction.property.plot_no if (@transaction.property.present?) %>");
    6:   $("#trans-unit-name").val("<%= @tenant.houses.first.unit_name if (@tenant.houses.present?) %>");
    7:   $("#trans-rent-payable").val("<%= @tenant.houses.order(:id).last.rent_payable if @tenant.houses.present? %>");
    8:   $("#trans-current-month").val("<%= @transaction.month %>");
    9:   $("#trans-arrears").val("<%= @tenant.arrears.last.amount if @tenant.arrears.last %>");
  app/views/transactions/search.js.erb:6:in `_app_views_transactions_search_js_erb__3141431544583025887_47006240748740'



ActionView::Template::Error (Mysql2::Error: Unknown column 'houses.tenant_id' in 'where clause': SELECT `houses`.* FROM `houses` WHERE `houses`.`tenant_id` = 3685):
    3:   $("#trans-date").val("<%= @transaction.created_at %>");
    4:   $("#trans-full-name").val("<%= @tenant.full_name %>");
    5:   $("#trans-plot").val("<%= @transaction.property.plot_no if (@transaction.property.present?) %>");
    6:   $("#trans-unit-name").val("<%= @tenant.houses.first.unit_name if (@tenant.houses.present?) %>");
    7:   $("#trans-rent-payable").val("<%= @tenant.houses.order(:id).last.rent_payable if @tenant.houses.present? %>");
    8:   $("#trans-current-month").val("<%= @transaction.month %>");
    9:   $("#trans-arrears").val("<%= @tenant.arrears.last.amount if @tenant.arrears.last %>");
  app/views/transactions/search.js.erb:6:in `_app_views_transactions_search_js_erb__3141431544583025887_47006240748740'



ActionView::Template::Error (Mysql2::Error: Unknown column 'houses.tenant_id' in 'where clause': SELECT `houses`.* FROM `houses` WHERE `houses`.`tenant_id` = 3685):
    3:   $("#trans-date").val("<%= @transaction.created_at %>");
    4:   $("#trans-full-name").val("<%= @tenant.full_name %>");
    5:   $("#trans-plot").val("<%= @transaction.property.plot_no if (@transaction.property.present?) %>");
    6:   $("#trans-unit-name").val("<%= @tenant.houses.first.unit_name if (@tenant.houses.present?) %>");
    7:   $("#trans-rent-payable").val("<%= @tenant.houses.order(:id).last.rent_payable if @tenant.houses.present? %>");
    8:   $("#trans-current-month").val("<%= @transaction.month %>");
    9:   $("#trans-arrears").val("<%= @tenant.arrears.last.amount if @tenant.arrears.last %>");
  app/views/transactions/search.js.erb:6:in `_app_views_transactions_search_js_erb__3141431544583025887_47006240748740'



ActionView::Template::Error (Mysql2::Error: Unknown column 'houses.tenant_id' in 'where clause': SELECT `houses`.* FROM `houses` WHERE `houses`.`tenant_id` = 3685):
    3:   $("#trans-date").val("<%= @transaction.created_at %>");
    4:   $("#trans-full-name").val("<%= @tenant.full_name %>");
    5:   $("#trans-plot").val("<%= @transaction.property.plot_no if (@transaction.property.present?) %>");
    6:   $("#trans-unit-name").val("<%= @tenant.houses.first.unit_name if (@tenant.houses.present?) %>");
    7:   $("#trans-rent-payable").val("<%= @tenant.houses.order(:id).last.rent_payable if @tenant.houses.present? %>");
    8:   $("#trans-current-month").val("<%= @transaction.month %>");
    9:   $("#trans-arrears").val("<%= @tenant.arrears.last.amount if @tenant.arrears.last %>");
  app/views/transactions/search.js.erb:6:in `_app_views_transactions_search_js_erb__3141431544583025887_47006240748740'



ActionView::Template::Error (Mysql2::Error: Unknown column 'houses.tenant_id' in 'where clause': SELECT `houses`.* FROM `houses` WHERE `houses`.`tenant_id` = 3685):
    3:   $("#trans-date").val("<%= @transaction.created_at %>");
    4:   $("#trans-full-name").val("<%= @tenant.full_name %>");
    5:   $("#trans-plot").val("<%= @transaction.property.plot_no if (@transaction.property.present?) %>");
    6:   $("#trans-unit-name").val("<%= @tenant.houses.first.unit_name if (@tenant.houses.present?) %>");
    7:   $("#trans-rent-payable").val("<%= @tenant.houses.order(:id).last.rent_payable if @tenant.houses.present? %>");
    8:   $("#trans-current-month").val("<%= @transaction.month %>");
    9:   $("#trans-arrears").val("<%= @tenant.arrears.last.amount if @tenant.arrears.last %>");
  app/views/transactions/search.js.erb:6:in `_app_views_transactions_search_js_erb__3141431544583025887_47006240748740'



ActionView::Template::Error (Mysql2::Error: Unknown column 'houses.tenant_id' in 'where clause': SELECT `houses`.* FROM `houses` WHERE `houses`.`tenant_id` = 3685):
    3:   $("#trans-date").val("<%= @transaction.created_at %>");
    4:   $("#trans-full-name").val("<%= @tenant.full_name %>");
    5:   $("#trans-plot").val("<%= @transaction.property.plot_no if (@transaction.property.present?) %>");
    6:   $("#trans-unit-name").val("<%= @tenant.houses.first.unit_name if (@tenant.houses.present?) %>");
    7:   $("#trans-rent-payable").val("<%= @tenant.houses.order(:id).last.rent_payable if @tenant.houses.present? %>");
    8:   $("#trans-current-month").val("<%= @transaction.month %>");
    9:   $("#trans-arrears").val("<%= @tenant.arrears.last.amount if @tenant.arrears.last %>");
  app/views/transactions/search.js.erb:6:in `_app_views_transactions_search_js_erb__3141431544583025887_47006240748740'



ActionView::Template::Error (Mysql2::Error: Unknown column 'houses.tenant_id' in 'where clause': SELECT `houses`.* FROM `houses` WHERE `houses`.`tenant_id` = 3686):
    3:   $("#trans-date").val("<%= @transaction.created_at %>");
    4:   $("#trans-full-name").val("<%= @tenant.full_name %>");
    5:   $("#trans-plot").val("<%= @transaction.property.plot_no if (@transaction.property.present?) %>");
    6:   $("#trans-unit-name").val("<%= @tenant.houses.first.unit_name if (@tenant.houses.present?) %>");
    7:   $("#trans-rent-payable").val("<%= @tenant.houses.order(:id).last.rent_payable if @tenant.houses.present? %>");
    8:   $("#trans-current-month").val("<%= @transaction.month %>");
    9:   $("#trans-arrears").val("<%= @tenant.arrears.last.amount if @tenant.arrears.last %>");
  app/views/transactions/search.js.erb:6:in `_app_views_transactions_search_js_erb__3141431544583025887_47006240748740'



ActionView::Template::Error (Mysql2::Error: Unknown column 'houses.tenant_id' in 'where clause': SELECT `houses`.* FROM `houses` WHERE `houses`.`tenant_id` = 3686):
    3:   $("#trans-date").val("<%= @transaction.created_at %>");
    4:   $("#trans-full-name").val("<%= @tenant.full_name %>");
    5:   $("#trans-plot").val("<%= @transaction.property.plot_no if (@transaction.property.present?) %>");
    6:   $("#trans-unit-name").val("<%= @tenant.houses.first.unit_name if (@tenant.houses.present?) %>");
    7:   $("#trans-rent-payable").val("<%= @tenant.houses.order(:id).last.rent_payable if @tenant.houses.present? %>");
    8:   $("#trans-current-month").val("<%= @transaction.month %>");
    9:   $("#trans-arrears").val("<%= @tenant.arrears.last.amount if @tenant.arrears.last %>");
  app/views/transactions/search.js.erb:6:in `_app_views_transactions_search_js_erb__3141431544583025887_47006240748740'



ActionView::Template::Error (Mysql2::Error: Unknown column 'houses.tenant_id' in 'where clause': SELECT `houses`.* FROM `houses` WHERE `houses`.`tenant_id` = 3686):
    3:   $("#trans-date").val("<%= @transaction.created_at %>");
    4:   $("#trans-full-name").val("<%= @tenant.full_name %>");
    5:   $("#trans-plot").val("<%= @transaction.property.plot_no if (@transaction.property.present?) %>");
    6:   $("#trans-unit-name").val("<%= @tenant.houses.first.unit_name if (@tenant.houses.present?) %>");
    7:   $("#trans-rent-payable").val("<%= @tenant.houses.order(:id).last.rent_payable if @tenant.houses.present? %>");
    8:   $("#trans-current-month").val("<%= @transaction.month %>");
    9:   $("#trans-arrears").val("<%= @tenant.arrears.last.amount if @tenant.arrears.last %>");
  app/views/transactions/search.js.erb:6:in `_app_views_transactions_search_js_erb__3141431544583025887_47006240748740'



ActionView::Template::Error (Mysql2::Error: Unknown column 'houses.tenant_id' in 'where clause': SELECT `houses`.* FROM `houses` WHERE `houses`.`tenant_id` = 3685):
    3:   $("#trans-date").val("<%= @transaction.created_at %>");
    4:   $("#trans-full-name").val("<%= @tenant.full_name %>");
    5:   $("#trans-plot").val("<%= @transaction.property.plot_no if (@transaction.property.present?) %>");
    6:   $("#trans-unit-name").val("<%= @tenant.houses.first.unit_name if (@tenant.houses.present?) %>");
    7:   $("#trans-rent-payable").val("<%= @tenant.houses.order(:id).last.rent_payable if @tenant.houses.present? %>");
    8:   $("#trans-current-month").val("<%= @transaction.month %>");
    9:   $("#trans-arrears").val("<%= @tenant.arrears.last.amount if @tenant.arrears.last %>");
  app/views/transactions/search.js.erb:6:in `_app_views_transactions_search_js_erb__3141431544583025887_47006240748740'



ActionView::Template::Error (Mysql2::Error: Unknown column 'houses.tenant_id' in 'where clause': SELECT `houses`.* FROM `houses` WHERE `houses`.`tenant_id` = 3685):
    3:   $("#trans-date").val("<%= @transaction.created_at %>");
    4:   $("#trans-full-name").val("<%= @tenant.full_name %>");
    5:   $("#trans-plot").val("<%= @transaction.property.plot_no if (@transaction.property.present?) %>");
    6:   $("#trans-unit-name").val("<%= @tenant.houses.first.unit_name if (@tenant.houses.present?) %>");
    7:   $("#trans-rent-payable").val("<%= @tenant.houses.order(:id).last.rent_payable if @tenant.houses.present? %>");
    8:   $("#trans-current-month").val("<%= @transaction.month %>");
    9:   $("#trans-arrears").val("<%= @tenant.arrears.last.amount if @tenant.arrears.last %>");
  app/views/transactions/search.js.erb:6:in `_app_views_transactions_search_js_erb__3141431544583025887_47006240748740'



ActionView::Template::Error (Mysql2::Error: Unknown column 'houses.tenant_id' in 'where clause': SELECT `houses`.* FROM `houses` WHERE `houses`.`tenant_id` = 3685):
    3:   $("#trans-date").val("<%= @transaction.created_at %>");
    4:   $("#trans-full-name").val("<%= @tenant.full_name %>");
    5:   $("#trans-plot").val("<%= @transaction.property.plot_no if (@transaction.property.present?) %>");
    6:   $("#trans-unit-name").val("<%= @tenant.houses.first.unit_name if (@tenant.houses.present?) %>");
    7:   $("#trans-rent-payable").val("<%= @tenant.houses.order(:id).last.rent_payable if @tenant.houses.present? %>");
    8:   $("#trans-current-month").val("<%= @transaction.month %>");
    9:   $("#trans-arrears").val("<%= @tenant.arrears.last.amount if @tenant.arrears.last %>");
  app/views/transactions/search.js.erb:6:in `_app_views_transactions_search_js_erb__3141431544583025887_47006240748740'



ActionView::Template::Error (Mysql2::Error: Unknown column 'houses.tenant_id' in 'where clause': SELECT `houses`.* FROM `houses` WHERE `houses`.`tenant_id` = 3685):
    3:   $("#trans-date").val("<%= @transaction.created_at %>");
    4:   $("#trans-full-name").val("<%= @tenant.full_name %>");
    5:   $("#trans-plot").val("<%= @transaction.property.plot_no if (@transaction.property.present?) %>");
    6:   $("#trans-unit-name").val("<%= @tenant.houses.first.unit_name if (@tenant.houses.present?) %>");
    7:   $("#trans-rent-payable").val("<%= @tenant.houses.order(:id).last.rent_payable if @tenant.houses.present? %>");
    8:   $("#trans-current-month").val("<%= @transaction.month %>");
    9:   $("#trans-arrears").val("<%= @tenant.arrears.last.amount if @tenant.arrears.last %>");
  app/views/transactions/search.js.erb:6:in `_app_views_transactions_search_js_erb__3141431544583025887_47006240748740'



ActionView::Template::Error (Mysql2::Error: Unknown column 'houses.tenant_id' in 'where clause': SELECT `houses`.* FROM `houses` WHERE `houses`.`tenant_id` = 3685):
    3:   $("#trans-date").val("<%= @transaction.created_at %>");
    4:   $("#trans-full-name").val("<%= @tenant.full_name %>");
    5:   $("#trans-plot").val("<%= @transaction.property.plot_no if (@transaction.property.present?) %>");
    6:   $("#trans-unit-name").val("<%= @tenant.houses.first.unit_name if (@tenant.houses.present?) %>");
    7:   $("#trans-rent-payable").val("<%= @tenant.houses.order(:id).last.rent_payable if @tenant.houses.present? %>");
    8:   $("#trans-current-month").val("<%= @transaction.month %>");
    9:   $("#trans-arrears").val("<%= @tenant.arrears.last.amount if @tenant.arrears.last %>");
  app/views/transactions/search.js.erb:6:in `_app_views_transactions_search_js_erb__3141431544583025887_47006240748740'




Started GET "/transactions/search?utf8=%E2%9C%93&search=3685&commit=Search" for 105.231.151.212 at 2017-12-22 10:01:42 +0000
Cannot render console from 105.231.151.212! Allowed networks: 127.0.0.1, ::1, 127.0.0.0/127.255.255.255
  [1m[36mActiveRecord::SchemaMigration Load (0.5ms)[0m  [1mSELECT `schema_migrations`.* FROM `schema_migrations`[0m
Processing by TransactionsController#search as JS
  Parameters: {"utf8"=>"✓", "search"=>"3685", "commit"=>"Search"}
  [1m[35mUser Load (0.6ms)[0m  SELECT  `users`.* FROM `users` WHERE `users`.`id` = 1  ORDER BY `users`.`id` ASC LIMIT 1
  [1m[36mTenant Load (0.3ms)[0m  [1mSELECT  `tenants`.* FROM `tenants` WHERE `tenants`.`id` = 3685  ORDER BY `tenants`.`id` ASC LIMIT 1[0m
  [1m[35mTransaction Load (0.3ms)[0m  SELECT  `transactions`.* FROM `transactions` WHERE `transactions`.`tenant_id` = '3685'  ORDER BY `transactions`.`id` DESC LIMIT 1
  [1m[36mProperty Load (0.3ms)[0m  [1mSELECT  `properties`.* FROM `properties` WHERE `properties`.`id` = 37 LIMIT 1[0m
  [1m[35mHouse Load (0.6ms)[0m  SELECT `houses`.* FROM `houses` WHERE `houses`.`tenant_id` = 3685
  Rendered transactions/search.js.erb (18.9ms)
Completed 500 Internal Server Error in 125ms (ActiveRecord: 6.6ms)

ActionView::Template::Error (Mysql2::Error: Unknown column 'houses.tenant_id' in 'where clause': SELECT `houses`.* FROM `houses` WHERE `houses`.`tenant_id` = 3685):
    3:   $("#trans-date").val("<%= @transaction.created_at %>");
    4:   $("#trans-full-name").val("<%= @tenant.full_name %>");
    5:   $("#trans-plot").val("<%= @transaction.property.plot_no if (@transaction.property.present?) %>");
    6:   $("#trans-unit-name").val("<%= @tenant.houses.first.unit_name if (@tenant.houses.present?) %>");
    7:   $("#trans-rent-payable").val("<%= @tenant.houses.order(:id).last.rent_payable if @tenant.houses.present? %>");
    8:   $("#trans-current-month").val("<%= @transaction.month %>");
    9:   $("#trans-arrears").val("<%= @tenant.arrears.last.amount if @tenant.arrears.last %>");
  app/views/transactions/search.js.erb:6:in `_app_views_transactions_search_js_erb__2470617428291529494_47130955542880'


  Rendered /root/.rbenv/versions/2.3.0/lib/ruby/gems/2.3.0/gems/actionpack-4.2.9/lib/action_dispatch/middleware/templates/rescues/_trace.text.erb (0.6ms)
  Rendered /root/.rbenv/versions/2.3.0/lib/ruby/gems/2.3.0/gems/actionpack-4.2.9/lib/action_dispatch/middleware/templates/rescues/_request_and_response.text.erb (0.7ms)
  Rendered /root/.rbenv/versions/2.3.0/lib/ruby/gems/2.3.0/gems/actionpack-4.2.9/lib/action_dispatch/middleware/templates/rescues/template_error.text.erb (10.5ms)


Started GET "/transactions/search?utf8=%E2%9C%93&search=3686&commit=Search" for 105.231.151.212 at 2017-12-22 10:01:46 +0000
Cannot render console from 105.231.151.212! Allowed networks: 127.0.0.1, ::1, 127.0.0.0/127.255.255.255
Processing by TransactionsController#search as JS
  Parameters: {"utf8"=>"✓", "search"=>"3686", "commit"=>"Search"}
  [1m[36mUser Load (1.0ms)[0m  [1mSELECT  `users`.* FROM `users` WHERE `users`.`id` = 1  ORDER BY `users`.`id` ASC LIMIT 1[0m
  [1m[35mTenant Load (0.3ms)[0m  SELECT  `tenants`.* FROM `tenants` WHERE `tenants`.`id` = 3686  ORDER BY `tenants`.`id` ASC LIMIT 1
  [1m[36mTransaction Load (0.3ms)[0m  [1mSELECT  `transactions`.* FROM `transactions` WHERE `transactions`.`tenant_id` = '3686'  ORDER BY `transactions`.`id` DESC LIMIT 1[0m
  [1m[35mProperty Load (0.2ms)[0m  SELECT  `properties`.* FROM `properties` WHERE `properties`.`id` = 171 LIMIT 1
  [1m[36mHouse Load (0.8ms)[0m  [1mSELECT `houses`.* FROM `houses` WHERE `houses`.`tenant_id` = 3686[0m
  Rendered transactions/search.js.erb (4.9ms)
Completed 500 Internal Server Error in 17ms (ActiveRecord: 2.6ms)

ActionView::Template::Error (Mysql2::Error: Unknown column 'houses.tenant_id' in 'where clause': SELECT `houses`.* FROM `houses` WHERE `houses`.`tenant_id` = 3686):
    3:   $("#trans-date").val("<%= @transaction.created_at %>");
    4:   $("#trans-full-name").val("<%= @tenant.full_name %>");
    5:   $("#trans-plot").val("<%= @transaction.property.plot_no if (@transaction.property.present?) %>");
    6:   $("#trans-unit-name").val("<%= @tenant.houses.first.unit_name if (@tenant.houses.present?) %>");
    7:   $("#trans-rent-payable").val("<%= @tenant.houses.order(:id).last.rent_payable if @tenant.houses.present? %>");
    8:   $("#trans-current-month").val("<%= @transaction.month %>");
    9:   $("#trans-arrears").val("<%= @tenant.arrears.last.amount if @tenant.arrears.last %>");
  app/views/transactions/search.js.erb:6:in `_app_views_transactions_search_js_erb__2470617428291529494_47130955542880'


  Rendered /root/.rbenv/versions/2.3.0/lib/ruby/gems/2.3.0/gems/actionpack-4.2.9/lib/action_dispatch/middleware/templates/rescues/_trace.text.erb (0.9ms)
  Rendered /root/.rbenv/versions/2.3.0/lib/ruby/gems/2.3.0/gems/actionpack-4.2.9/lib/action_dispatch/middleware/templates/rescues/_request_and_response.text.erb (0.9ms)
  Rendered /root/.rbenv/versions/2.3.0/lib/ruby/gems/2.3.0/gems/actionpack-4.2.9/lib/action_dispatch/middleware/templates/rescues/template_error.text.erb (14.3ms)


Started GET "/transactions/search?utf8=%E2%9C%93&search=3685&commit=Search" for 105.231.151.212 at 2017-12-22 10:08:46 +0000
Cannot render console from 105.231.151.212! Allowed networks: 127.0.0.1, ::1, 127.0.0.0/127.255.255.255
Processing by TransactionsController#search as JS
  Parameters: {"utf8"=>"✓", "search"=>"3685", "commit"=>"Search"}
  [1m[35mUser Load (1.5ms)[0m  SELECT  `users`.* FROM `users` WHERE `users`.`id` = 1  ORDER BY `users`.`id` ASC LIMIT 1
  [1m[36mTenant Load (0.4ms)[0m  [1mSELECT  `tenants`.* FROM `tenants` WHERE `tenants`.`id` = 3685  ORDER BY `tenants`.`id` ASC LIMIT 1[0m
  [1m[35mTransaction Load (0.4ms)[0m  SELECT  `transactions`.* FROM `transactions` WHERE `transactions`.`tenant_id` = '3685'  ORDER BY `transactions`.`id` DESC LIMIT 1
  [1m[36mProperty Load (0.3ms)[0m  [1mSELECT  `properties`.* FROM `properties` WHERE `properties`.`id` = 37 LIMIT 1[0m
  [1m[35mHouse Load (1.3ms)[0m  SELECT `houses`.* FROM `houses` WHERE `houses`.`tenant_id` = 3685
  Rendered transactions/search.js.erb (6.0ms)
Completed 500 Internal Server Error in 22ms (ActiveRecord: 3.8ms)

ActionView::Template::Error (Mysql2::Error: Unknown column 'houses.tenant_id' in 'where clause': SELECT `houses`.* FROM `houses` WHERE `houses`.`tenant_id` = 3685):
    3:   $("#trans-date").val("<%= @transaction.created_at %>");
    4:   $("#trans-full-name").val("<%= @tenant.full_name %>");
    5:   $("#trans-plot").val("<%= @transaction.property.plot_no if (@transaction.property.present?) %>");
    6:   $("#trans-unit-name").val("<%= @tenant.houses.first.unit_name if (@tenant.houses.present?) %>");
    7:   $("#trans-rent-payable").val("<%= @tenant.houses.order(:id).last.rent_payable if @tenant.houses.present? %>");
    8:   $("#trans-current-month").val("<%= @transaction.month %>");
    9:   $("#trans-arrears").val("<%= @tenant.arrears.last.amount if @tenant.arrears.last %>");
  app/views/transactions/search.js.erb:6:in `_app_views_transactions_search_js_erb__2470617428291529494_47130955542880'


  Rendered /root/.rbenv/versions/2.3.0/lib/ruby/gems/2.3.0/gems/actionpack-4.2.9/lib/action_dispatch/middleware/templates/rescues/_trace.text.erb (0.6ms)
  Rendered /root/.rbenv/versions/2.3.0/lib/ruby/gems/2.3.0/gems/actionpack-4.2.9/lib/action_dispatch/middleware/templates/rescues/_request_and_response.text.erb (0.8ms)
  Rendered /root/.rbenv/versions/2.3.0/lib/ruby/gems/2.3.0/gems/actionpack-4.2.9/lib/action_dispatch/middleware/templates/rescues/template_error.text.erb (10.6ms)


Started GET "/transactions/search?utf8=%E2%9C%93&search=3686&commit=Search" for 105.231.151.212 at 2017-12-22 10:09:01 +0000
Cannot render console from 105.231.151.212! Allowed networks: 127.0.0.1, ::1, 127.0.0.0/127.255.255.255
Processing by TransactionsController#search as JS
  Parameters: {"utf8"=>"✓", "search"=>"3686", "commit"=>"Search"}
  [1m[36mUser Load (1.5ms)[0m  [1mSELECT  `users`.* FROM `users` WHERE `users`.`id` = 1  ORDER BY `users`.`id` ASC LIMIT 1[0m
  [1m[35mTenant Load (0.4ms)[0m  SELECT  `tenants`.* FROM `tenants` WHERE `tenants`.`id` = 3686  ORDER BY `tenants`.`id` ASC LIMIT 1
  [1m[36mTransaction Load (0.4ms)[0m  [1mSELECT  `transactions`.* FROM `transactions` WHERE `transactions`.`tenant_id` = '3686'  ORDER BY `transactions`.`id` DESC LIMIT 1[0m
  [1m[35mProperty Load (0.4ms)[0m  SELECT  `properties`.* FROM `properties` WHERE `properties`.`id` = 171 LIMIT 1
  [1m[36mHouse Load (1.3ms)[0m  [1mSELECT `houses`.* FROM `houses` WHERE `houses`.`tenant_id` = 3686[0m
  Rendered transactions/search.js.erb (6.5ms)
Completed 500 Internal Server Error in 23ms (ActiveRecord: 4.0ms)

ActionView::Template::Error (Mysql2::Error: Unknown column 'houses.tenant_id' in 'where clause': SELECT `houses`.* FROM `houses` WHERE `houses`.`tenant_id` = 3686):
    3:   $("#trans-date").val("<%= @transaction.created_at %>");
    4:   $("#trans-full-name").val("<%= @tenant.full_name %>");
    5:   $("#trans-plot").val("<%= @transaction.property.plot_no if (@transaction.property.present?) %>");
    6:   $("#trans-unit-name").val("<%= @tenant.houses.first.unit_name if (@tenant.houses.present?) %>");
    7:   $("#trans-rent-payable").val("<%= @tenant.houses.order(:id).last.rent_payable if @tenant.houses.present? %>");
    8:   $("#trans-current-month").val("<%= @transaction.month %>");
    9:   $("#trans-arrears").val("<%= @tenant.arrears.last.amount if @tenant.arrears.last %>");
  app/views/transactions/search.js.erb:6:in `_app_views_transactions_search_js_erb__2470617428291529494_47130955542880'


  Rendered /root/.rbenv/versions/2.3.0/lib/ruby/gems/2.3.0/gems/actionpack-4.2.9/lib/action_dispatch/middleware/templates/rescues/_trace.text.erb (0.8ms)
  Rendered /root/.rbenv/versions/2.3.0/lib/ruby/gems/2.3.0/gems/actionpack-4.2.9/lib/action_dispatch/middleware/templates/rescues/_request_and_response.text.erb (0.9ms)
  Rendered /root/.rbenv/versions/2.3.0/lib/ruby/gems/2.3.0/gems/actionpack-4.2.9/lib/action_dispatch/middleware/templates/rescues/template_error.text.erb (10.9ms)


Started GET "/transactions/search?utf8=%E2%9C%93&search=3685&commit=Search" for 105.231.151.212 at 2017-12-22 10:15:41 +0000
Cannot render console from 105.231.151.212! Allowed networks: 127.0.0.1, ::1, 127.0.0.0/127.255.255.255
Processing by TransactionsController#search as JS
  Parameters: {"utf8"=>"✓", "search"=>"3685", "commit"=>"Search"}
  [1m[35mUser Load (1.3ms)[0m  SELECT  `users`.* FROM `users` WHERE `users`.`id` = 1  ORDER BY `users`.`id` ASC LIMIT 1
  [1m[36mTenant Load (0.3ms)[0m  [1mSELECT  `tenants`.* FROM `tenants` WHERE `tenants`.`id` = 3685  ORDER BY `tenants`.`id` ASC LIMIT 1[0m
  [1m[35mTransaction Load (0.4ms)[0m  SELECT  `transactions`.* FROM `transactions` WHERE `transactions`.`tenant_id` = '3685'  ORDER BY `transactions`.`id` DESC LIMIT 1
  [1m[36mProperty Load (0.4ms)[0m  [1mSELECT  `properties`.* FROM `properties` WHERE `properties`.`id` = 37 LIMIT 1[0m
  [1m[35mHouse Load (1.4ms)[0m  SELECT `houses`.* FROM `houses` WHERE `houses`.`tenant_id` = 3685
  Rendered transactions/search.js.erb (6.8ms)
Completed 500 Internal Server Error in 23ms (ActiveRecord: 4.0ms)

ActionView::Template::Error (Mysql2::Error: Unknown column 'houses.tenant_id' in 'where clause': SELECT `houses`.* FROM `houses` WHERE `houses`.`tenant_id` = 3685):
    3:   $("#trans-date").val("<%= @transaction.created_at %>");
    4:   $("#trans-full-name").val("<%= @tenant.full_name %>");
    5:   $("#trans-plot").val("<%= @transaction.property.plot_no if (@transaction.property.present?) %>");
    6:   $("#trans-unit-name").val("<%= @tenant.houses.first.unit_name if (@tenant.houses.present?) %>");
    7:   $("#trans-rent-payable").val("<%= @tenant.houses.order(:id).last.rent_payable if @tenant.houses.present? %>");
    8:   $("#trans-current-month").val("<%= @transaction.month %>");
    9:   $("#trans-arrears").val("<%= @tenant.arrears.last.amount if @tenant.arrears.last %>");
  app/views/transactions/search.js.erb:6:in `_app_views_transactions_search_js_erb__2470617428291529494_47130955542880'


  Rendered /root/.rbenv/versions/2.3.0/lib/ruby/gems/2.3.0/gems/actionpack-4.2.9/lib/action_dispatch/middleware/templates/rescues/_trace.text.erb (0.7ms)
  Rendered /root/.rbenv/versions/2.3.0/lib/ruby/gems/2.3.0/gems/actionpack-4.2.9/lib/action_dispatch/middleware/templates/rescues/_request_and_response.text.erb (0.8ms)
  Rendered /root/.rbenv/versions/2.3.0/lib/ruby/gems/2.3.0/gems/actionpack-4.2.9/lib/action_dispatch/middleware/templates/rescues/template_error.text.erb (10.7ms)


Started GET "/transactions/new" for 105.231.151.212 at 2017-12-22 10:50:05 +0000
Cannot render console from 105.231.151.212! Allowed networks: 127.0.0.1, ::1, 127.0.0.0/127.255.255.255
Processing by TransactionsController#new as HTML
  [1m[36mUser Load (1.4ms)[0m  [1mSELECT  `users`.* FROM `users` WHERE `users`.`id` = 1  ORDER BY `users`.`id` ASC LIMIT 1[0m
  [1m[35mTenant Load (0.5ms)[0m  SELECT `tenants`.* FROM `tenants`
  Rendered transactions/new.html.erb within layouts/application (3.1ms)


Started GET "/fields" for 105.231.151.212 at 2017-12-22 10:52:37 +0000
Cannot render console from 105.231.151.212! Allowed networks: 127.0.0.1, ::1, 127.0.0.0/127.255.255.255
  [1m[36mActiveRecord::SchemaMigration Load (0.5ms)[0m  [1mSELECT `schema_migrations`.* FROM `schema_migrations`[0m
Processing by FieldsController#index as HTML
  [1m[35mUser Load (0.5ms)[0m  SELECT  `users`.* FROM `users` WHERE `users`.`id` = 1  ORDER BY `users`.`id` ASC LIMIT 1
  [1m[36mField Load (0.7ms)[0m  [1mSELECT `fields`.* FROM `fields`[0m
  Rendered fields/index.html.erb within layouts/application (5.1ms)
  Rendered layouts/_navbar.html.erb (1.3ms)
  Rendered layouts/_title.html.erb (0.4ms)
  Rendered layouts/_messages.html.erb (0.8ms)
Completed 200 OK in 718ms (Views: 682.9ms | ActiveRecord: 3.1ms)


Started GET "/transactions/" for 105.231.151.212 at 2017-12-22 10:52:42 +0000
Cannot render console from 105.231.151.212! Allowed networks: 127.0.0.1, ::1, 127.0.0.0/127.255.255.255
Processing by TransactionsController#index as HTML
  [1m[35mUser Load (1.2ms)[0m  SELECT  `users`.* FROM `users` WHERE `users`.`id` = 1  ORDER BY `users`.`id` ASC LIMIT 1
  [1m[36mTransaction Load (0.5ms)[0m  [1mSELECT `transactions`.* FROM `transactions`[0m
  [1m[35mTenant Load (0.3ms)[0m  SELECT  `tenants`.* FROM `tenants` WHERE `tenants`.`id` = 3685 LIMIT 1
  Rendered transactions/index.html.erb within layouts/application (46.6ms)
Completed 500 Internal Server Error in 60ms (ActiveRecord: 3.9ms)

ActionView::Template::Error (undefined method `strftime' for "2012-01-11":String
Did you mean?  strip):
    21:         <td><%= t.amount %></td>
    22:         <td><%= t.receipt_no %></td>
    23:         <td><%= t.mode %></td>
    24:         <td><%= t.created_at.strftime("%Y-%m-%d") %></td>
    25:         <td><%= link_to 'Show', tenant_path(t), method: :get %></td>
    26:         <td><%= link_to 'Edit', edit_tenant_path(t), method: :get %></td>
    27:       </tr>
  app/views/transactions/index.html.erb:24:in `block in _app_views_transactions_index_html_erb__599180543469202997_47210718885980'
  app/views/transactions/index.html.erb:16:in `_app_views_transactions_index_html_erb__599180543469202997_47210718885980'


  Rendered /root/.rbenv/versions/2.3.0/lib/ruby/gems/2.3.0/gems/actionpack-4.2.9/lib/action_dispatch/middleware/templates/rescues/_source.erb (6.4ms)
  Rendered /root/.rbenv/versions/2.3.0/lib/ruby/gems/2.3.0/gems/actionpack-4.2.9/lib/action_dispatch/middleware/templates/rescues/_trace.html.erb (2.7ms)
  Rendered /root/.rbenv/versions/2.3.0/lib/ruby/gems/2.3.0/gems/actionpack-4.2.9/lib/action_dispatch/middleware/templates/rescues/_request_and_response.html.erb (0.9ms)
  Rendered /root/.rbenv/versions/2.3.0/lib/ruby/gems/2.3.0/gems/actionpack-4.2.9/lib/action_dispatch/middleware/templates/rescues/template_error.html.erb within rescues/layout (24.0ms)
